[2026-02-11 08:07:34] [macd-eth] [INFO] Running: python3 check_strategy.py [macd ETH/USDT 1h]
[2026-02-11 08:07:35] [macd-eth] [INFO] stderr: Fetching ETH/USDT 1h...

[2026-02-11 08:07:35] [macd-eth] [INFO] Signal: HOLD | ETH/USDT @ $1948.55
[2026-02-11 08:07:35] [macd-eth] [INFO] Status: cash=$1000.00 | positions=0 | value=$1000.00 | trades=0
[2026-02-11 08:09:31] [macd-eth] [INFO] Running: python3 check_strategy.py [macd ETH/USDT 1h]
[2026-02-11 08:09:32] [macd-eth] [INFO] stderr: Fetching ETH/USDT 1h...

[2026-02-11 08:09:32] [macd-eth] [INFO] Signal: HOLD | ETH/USDT @ $1942.08
[2026-02-11 08:09:32] [macd-eth] [INFO] Status: cash=$1000.00 | positions=0 | value=$1000.00 | trades=0
[2026-02-11 08:10:34] [macd-eth] [INFO] Running: python3 check_strategy.py [macd ETH/USDT 1h]
[2026-02-11 08:10:36] [macd-eth] [INFO] stderr: Fetching ETH/USDT 1h...

[2026-02-11 08:10:36] [macd-eth] [INFO] Signal: HOLD | ETH/USDT @ $1939.67
[2026-02-11 08:10:36] [macd-eth] [INFO] Status: cash=$1000.00 | positions=0 | value=$1000.00 | trades=0
[2026-02-11 08:12:05] [macd-eth] [INFO] Running: python3 check_strategy.py [macd ETH/USDT 1h]
[2026-02-11 08:12:07] [macd-eth] [INFO] stderr: Fetching ETH/USDT 1h...

[2026-02-11 08:12:07] [macd-eth] [INFO] Signal: HOLD | ETH/USDT @ $1939.67
[2026-02-11 08:12:07] [macd-eth] [INFO] Status: cash=$1000.00 | positions=0 | value=$1000.00 | trades=0
[2026-02-11 08:13:06] [macd-eth] [INFO] Running: python3 check_strategy.py [macd ETH/USDT 1h]
[2026-02-11 08:13:08] [macd-eth] [INFO] stderr: Fetching ETH/USDT 1h...

[2026-02-11 08:13:08] [macd-eth] [INFO] Signal: HOLD | ETH/USDT @ $1939.67
[2026-02-11 08:13:08] [macd-eth] [INFO] Status: cash=$1000.00 | positions=0 | value=$1000.00 | trades=0
[2026-02-11 08:18:31] [macd-eth] [INFO] Running: python3 check_strategy.py [macd ETH/USDT 1h]
[2026-02-11 08:18:32] [macd-eth] [INFO] stderr: Fetching ETH/USDT 1h...

[2026-02-11 08:18:32] [macd-eth] [INFO] Signal: HOLD | ETH/USDT @ $1944.99
[2026-02-11 08:18:32] [macd-eth] [INFO] Status: cash=$1000.00 | positions=0 | value=$1000.00 | trades=0
[2026-02-11 08:23:53] [macd-eth] [INFO] Running: python3 check_strategy.py [macd ETH/USDT 1h]
[2026-02-11 08:23:54] [macd-eth] [INFO] stderr: Fetching ETH/USDT 1h...

[2026-02-11 08:23:54] [macd-eth] [INFO] Signal: HOLD | ETH/USDT @ $1948.23
[2026-02-11 08:23:54] [macd-eth] [INFO] Status: cash=$1000.00 | positions=0 | value=$1000.00 | trades=0
[2026-02-11 08:32:44] [macd-eth] [INFO] Running: python3 scripts/check_strategy.py [macd ETH/USDT 1h]
[2026-02-11 08:32:45] [macd-eth] [INFO] stderr: Fetching ETH/USDT 1h...

[2026-02-11 08:32:45] [macd-eth] [INFO] Signal: HOLD | ETH/USDT @ $1946.45
[2026-02-11 08:32:45] [macd-eth] [INFO] Status: cash=$1000.00 | positions=0 | value=$1000.00 | trades=0
[2026-02-11 08:43:10] [macd-eth] [INFO] Running: python3 scripts/check_strategy.py [macd ETH/USDT 1h]
[2026-02-11 08:43:12] [macd-eth] [INFO] stderr: Fetching ETH/USDT 1h...

[2026-02-11 08:43:12] [macd-eth] [INFO] Signal: HOLD | ETH/USDT @ $1952.52
[2026-02-11 08:43:12] [macd-eth] [INFO] Status: cash=$1000.00 | positions=0 | value=$1000.00 | trades=0
[2026-02-11 08:50:55] [macd-eth] [INFO] Running: python3 scripts/check_strategy.py [macd ETH/USDT 1h]
[2026-02-11 08:50:56] [macd-eth] [INFO] stderr: Fetching ETH/USDT 1h...

[2026-02-11 08:50:56] [macd-eth] [INFO] Signal: HOLD | ETH/USDT @ $1951.65
[2026-02-11 08:50:56] [macd-eth] [INFO] Status: cash=$1000.00 | positions=0 | value=$1000.00 | trades=0
[2026-02-11 09:01:26] [macd-eth] [INFO] Running: python3 scripts/check_strategy.py [macd ETH/USDT 1h]
[2026-02-11 09:01:27] [macd-eth] [INFO] stderr: Fetching ETH/USDT 1h...

[2026-02-11 09:01:27] [macd-eth] [INFO] Signal: HOLD | ETH/USDT @ $1951.41
[2026-02-11 09:01:27] [macd-eth] [INFO] Status: cash=$1000.00 | positions=0 | value=$1000.00 | trades=0
[2026-02-11 09:03:17] [macd-eth] [INFO] Running: python3 scripts/check_strategy.py [macd ETH/USDT 1h]
[2026-02-11 09:03:18] [macd-eth] [INFO] stderr: Fetching ETH/USDT 1h...

[2026-02-11 09:03:18] [macd-eth] [INFO] Signal: HOLD | ETH/USDT @ $1952.13
[2026-02-11 09:03:18] [macd-eth] [INFO] Status: cash=$1000.00 | positions=0 | value=$1000.00 | trades=0
[2026-02-11 09:08:48] [macd-eth] [INFO] Running: python3 scripts/check_strategy.py [macd ETH/USDT 1h]
[2026-02-11 09:08:49] [macd-eth] [INFO] stderr: Fetching ETH/USDT 1h...

[2026-02-11 09:08:49] [macd-eth] [INFO] Signal: HOLD | ETH/USDT @ $1948.61
[2026-02-11 09:08:49] [macd-eth] [INFO] Status: cash=$1000.00 | positions=0 | value=$1000.00 | trades=0
