[2026-02-11 08:07:33] [macd-btc] [INFO] Running: python3 check_strategy.py [macd BTC/USDT 1h]
[2026-02-11 08:07:34] [macd-btc] [INFO] stderr: Fetching BTC/USDT 1h...

[2026-02-11 08:07:34] [macd-btc] [INFO] Signal: HOLD | BTC/USDT @ $67020.51
[2026-02-11 08:07:34] [macd-btc] [INFO] Status: cash=$1000.00 | positions=0 | value=$1000.00 | trades=0
[2026-02-11 08:09:29] [macd-btc] [INFO] Running: python3 check_strategy.py [macd BTC/USDT 1h]
[2026-02-11 08:09:31] [macd-btc] [INFO] stderr: Fetching BTC/USDT 1h...

[2026-02-11 08:09:31] [macd-btc] [INFO] Signal: HOLD | BTC/USDT @ $66926.48
[2026-02-11 08:09:31] [macd-btc] [INFO] Status: cash=$1000.00 | positions=0 | value=$1000.00 | trades=0
[2026-02-11 08:10:33] [macd-btc] [INFO] Running: python3 check_strategy.py [macd BTC/USDT 1h]
[2026-02-11 08:10:34] [macd-btc] [INFO] stderr: Fetching BTC/USDT 1h...

[2026-02-11 08:10:34] [macd-btc] [INFO] Signal: HOLD | BTC/USDT @ $66852.63
[2026-02-11 08:10:34] [macd-btc] [INFO] Status: cash=$1000.00 | positions=0 | value=$1000.00 | trades=0
[2026-02-11 08:12:04] [macd-btc] [INFO] Running: python3 check_strategy.py [macd BTC/USDT 1h]
[2026-02-11 08:12:05] [macd-btc] [INFO] stderr: Fetching BTC/USDT 1h...

[2026-02-11 08:12:05] [macd-btc] [INFO] Signal: HOLD | BTC/USDT @ $66943.58
[2026-02-11 08:12:05] [macd-btc] [INFO] Status: cash=$1000.00 | positions=0 | value=$1000.00 | trades=0
[2026-02-11 08:13:05] [macd-btc] [INFO] Running: python3 check_strategy.py [macd BTC/USDT 1h]
[2026-02-11 08:13:06] [macd-btc] [INFO] stderr: Fetching BTC/USDT 1h...

[2026-02-11 08:13:06] [macd-btc] [INFO] Signal: HOLD | BTC/USDT @ $66976.49
[2026-02-11 08:13:06] [macd-btc] [INFO] Status: cash=$1000.00 | positions=0 | value=$1000.00 | trades=0
[2026-02-11 08:18:29] [macd-btc] [INFO] Running: python3 check_strategy.py [macd BTC/USDT 1h]
[2026-02-11 08:18:31] [macd-btc] [INFO] stderr: Fetching BTC/USDT 1h...

[2026-02-11 08:18:31] [macd-btc] [INFO] Signal: HOLD | BTC/USDT @ $66917.82
[2026-02-11 08:18:31] [macd-btc] [INFO] Status: cash=$1000.00 | positions=0 | value=$1000.00 | trades=0
[2026-02-11 08:23:52] [macd-btc] [INFO] Running: python3 check_strategy.py [macd BTC/USDT 1h]
[2026-02-11 08:23:53] [macd-btc] [INFO] stderr: Fetching BTC/USDT 1h...

[2026-02-11 08:23:53] [macd-btc] [INFO] Signal: HOLD | BTC/USDT @ $67079.00
[2026-02-11 08:23:53] [macd-btc] [INFO] Status: cash=$1000.00 | positions=0 | value=$1000.00 | trades=0
[2026-02-11 08:32:43] [macd-btc] [INFO] Running: python3 scripts/check_strategy.py [macd BTC/USDT 1h]
[2026-02-11 08:32:44] [macd-btc] [INFO] stderr: Fetching BTC/USDT 1h...

[2026-02-11 08:32:44] [macd-btc] [INFO] Signal: HOLD | BTC/USDT @ $67079.00
[2026-02-11 08:32:44] [macd-btc] [INFO] Status: cash=$1000.00 | positions=0 | value=$1000.00 | trades=0
[2026-02-11 08:43:09] [macd-btc] [INFO] Running: python3 scripts/check_strategy.py [macd BTC/USDT 1h]
[2026-02-11 08:43:10] [macd-btc] [INFO] stderr: Fetching BTC/USDT 1h...

[2026-02-11 08:43:10] [macd-btc] [INFO] Signal: HOLD | BTC/USDT @ $66995.40
[2026-02-11 08:43:10] [macd-btc] [INFO] Status: cash=$1000.00 | positions=0 | value=$1000.00 | trades=0
[2026-02-11 08:50:54] [macd-btc] [INFO] Running: python3 scripts/check_strategy.py [macd BTC/USDT 1h]
[2026-02-11 08:50:55] [macd-btc] [INFO] stderr: Fetching BTC/USDT 1h...

[2026-02-11 08:50:55] [macd-btc] [INFO] Signal: HOLD | BTC/USDT @ $67026.29
[2026-02-11 08:50:55] [macd-btc] [INFO] Status: cash=$1000.00 | positions=0 | value=$1000.00 | trades=0
[2026-02-11 09:01:24] [macd-btc] [INFO] Running: python3 scripts/check_strategy.py [macd BTC/USDT 1h]
[2026-02-11 09:01:26] [macd-btc] [INFO] stderr: Fetching BTC/USDT 1h...

[2026-02-11 09:01:26] [macd-btc] [INFO] Signal: HOLD | BTC/USDT @ $67012.69
[2026-02-11 09:01:26] [macd-btc] [INFO] Status: cash=$1000.00 | positions=0 | value=$1000.00 | trades=0
[2026-02-11 09:03:15] [macd-btc] [INFO] Running: python3 scripts/check_strategy.py [macd BTC/USDT 1h]
[2026-02-11 09:03:17] [macd-btc] [INFO] stderr: Fetching BTC/USDT 1h...

[2026-02-11 09:03:17] [macd-btc] [INFO] Signal: HOLD | BTC/USDT @ $67040.22
[2026-02-11 09:03:17] [macd-btc] [INFO] Status: cash=$1000.00 | positions=0 | value=$1000.00 | trades=0
[2026-02-11 09:08:46] [macd-btc] [INFO] Running: python3 scripts/check_strategy.py [macd BTC/USDT 1h]
[2026-02-11 09:08:48] [macd-btc] [INFO] stderr: Fetching BTC/USDT 1h...

[2026-02-11 09:08:48] [macd-btc] [INFO] Signal: HOLD | BTC/USDT @ $66916.79
[2026-02-11 09:08:48] [macd-btc] [INFO] Status: cash=$1000.00 | positions=0 | value=$1000.00 | trades=0
[2026-02-11 09:14:05] [macd-btc] [INFO] Running: python3 scripts/check_strategy.py [macd BTC/USDT 1h]
[2026-02-11 09:14:06] [macd-btc] [INFO] stderr: Fetching BTC/USDT 1h...

[2026-02-11 09:14:06] [macd-btc] [INFO] Signal: HOLD | BTC/USDT @ $66872.87
[2026-02-11 09:14:06] [macd-btc] [INFO] Status: cash=$1000.00 | positions=0 | value=$1000.00 | trades=0
[2026-02-11 09:19:24] [macd-btc] [INFO] Running: python3 scripts/check_strategy.py [macd BTC/USDT 1h]
[2026-02-11 09:19:25] [macd-btc] [INFO] stderr: Fetching BTC/USDT 1h...

[2026-02-11 09:19:25] [macd-btc] [INFO] Signal: HOLD | BTC/USDT @ $66872.87
[2026-02-11 09:19:25] [macd-btc] [INFO] Status: cash=$1000.00 | positions=0 | value=$1000.00 | trades=0
[2026-02-11 09:23:02] [macd-btc] [INFO] Running: python3 scripts/check_strategy.py [macd BTC/USDT 1h]
[2026-02-11 09:23:04] [macd-btc] [INFO] stderr: Fetching BTC/USDT 1h...

[2026-02-11 09:23:04] [macd-btc] [INFO] Signal: HOLD | BTC/USDT @ $66872.87
[2026-02-11 09:23:04] [macd-btc] [INFO] Status: cash=$1000.00 | positions=0 | value=$1000.00 | trades=0
[2026-02-11 09:28:34] [macd-btc] [INFO] Running: python3 scripts/check_strategy.py [macd BTC/USDT 1h]
[2026-02-11 09:28:36] [macd-btc] [INFO] stderr: Fetching BTC/USDT 1h...

[2026-02-11 09:28:36] [macd-btc] [INFO] Signal: HOLD | BTC/USDT @ $66872.87
[2026-02-11 09:28:36] [macd-btc] [INFO] Status: cash=$1000.00 | positions=0 | value=$1000.00 | trades=0
[2026-02-11 09:28:54] [macd-btc] [INFO] Running: python3 scripts/check_strategy.py [macd BTC/USDT 1h]
[2026-02-11 09:28:55] [macd-btc] [INFO] stderr: Fetching BTC/USDT 1h...

[2026-02-11 09:28:55] [macd-btc] [INFO] Signal: HOLD | BTC/USDT @ $66872.87
[2026-02-11 09:28:55] [macd-btc] [INFO] Status: cash=$1000.00 | positions=0 | value=$1000.00 | trades=0
