[2026-02-11 07:28:03] [momentum-btc] [INFO] Running: python3 check_strategy.py [momentum BTC/USDT 1h]
[2026-02-11 07:28:04] [momentum-btc] [INFO] stderr: Fetching BTC/USDT 1h...

[2026-02-11 07:28:04] [momentum-btc] [INFO] Signal: HOLD | BTC/USDT @ $66916.86
[2026-02-11 07:28:04] [momentum-btc] [INFO] Status: cash=$1000.00 | positions=0 | value=$1000.00 | trades=0
[2026-02-11 07:28:39] [momentum-btc] [INFO] Running: python3 check_strategy.py [momentum BTC/USDT 1h]
[2026-02-11 07:28:40] [momentum-btc] [INFO] stderr: Fetching BTC/USDT 1h...

[2026-02-11 07:28:40] [momentum-btc] [INFO] Signal: HOLD | BTC/USDT @ $66993.23
[2026-02-11 07:28:40] [momentum-btc] [INFO] Status: cash=$1000.00 | positions=0 | value=$1000.00 | trades=0
[2026-02-11 07:29:11] [momentum-btc] [INFO] Running: python3 check_strategy.py [momentum BTC/USDT 1h]
[2026-02-11 07:29:12] [momentum-btc] [INFO] stderr: Fetching BTC/USDT 1h...

[2026-02-11 07:29:12] [momentum-btc] [INFO] Signal: HOLD | BTC/USDT @ $66993.23
[2026-02-11 07:29:12] [momentum-btc] [INFO] Status: cash=$1000.00 | positions=0 | value=$1000.00 | trades=0
[2026-02-11 07:39:23] [momentum-btc] [INFO] Running: python3 check_strategy.py [momentum BTC/USDT 1h]
[2026-02-11 07:39:24] [momentum-btc] [INFO] stderr: Fetching BTC/USDT 1h...

[2026-02-11 07:39:24] [momentum-btc] [INFO] Signal: HOLD | BTC/USDT @ $67163.75
[2026-02-11 07:39:24] [momentum-btc] [INFO] Status: cash=$1000.00 | positions=0 | value=$1000.00 | trades=0
[2026-02-11 07:49:35] [momentum-btc] [INFO] Running: python3 check_strategy.py [momentum BTC/USDT 1h]
[2026-02-11 07:49:36] [momentum-btc] [INFO] stderr: Fetching BTC/USDT 1h...

[2026-02-11 07:49:36] [momentum-btc] [INFO] Signal: HOLD | BTC/USDT @ $67156.21
[2026-02-11 07:49:36] [momentum-btc] [INFO] Status: cash=$1000.00 | positions=0 | value=$1000.00 | trades=0
[2026-02-11 07:58:19] [momentum-btc] [INFO] Running: python3 check_strategy.py [momentum BTC/USDT 1h]
[2026-02-11 07:58:20] [momentum-btc] [INFO] stderr: Fetching BTC/USDT 1h...

[2026-02-11 07:58:20] [momentum-btc] [INFO] Signal: HOLD | BTC/USDT @ $67018.55
[2026-02-11 07:58:20] [momentum-btc] [INFO] Status: cash=$1000.00 | positions=0 | value=$1000.00 | trades=0
[2026-02-11 08:07:19] [momentum-btc] [INFO] Running: python3 check_strategy.py [momentum BTC/USDT 1h]
[2026-02-11 08:07:21] [momentum-btc] [INFO] stderr: Fetching BTC/USDT 1h...

[2026-02-11 08:07:21] [momentum-btc] [INFO] Signal: HOLD | BTC/USDT @ $67020.51
[2026-02-11 08:07:21] [momentum-btc] [INFO] Status: cash=$1000.00 | positions=0 | value=$1000.00 | trades=0
[2026-02-11 08:09:14] [momentum-btc] [INFO] Running: python3 check_strategy.py [momentum BTC/USDT 1h]
[2026-02-11 08:09:15] [momentum-btc] [INFO] stderr: Fetching BTC/USDT 1h...

[2026-02-11 08:09:15] [momentum-btc] [INFO] Signal: HOLD | BTC/USDT @ $66926.48
[2026-02-11 08:09:15] [momentum-btc] [INFO] Status: cash=$1000.00 | positions=0 | value=$1000.00 | trades=0
[2026-02-11 08:10:16] [momentum-btc] [INFO] Running: python3 check_strategy.py [momentum BTC/USDT 1h]
[2026-02-11 08:10:18] [momentum-btc] [INFO] stderr: Fetching BTC/USDT 1h...

[2026-02-11 08:10:18] [momentum-btc] [INFO] Signal: HOLD | BTC/USDT @ $66852.63
[2026-02-11 08:10:18] [momentum-btc] [INFO] Status: cash=$1000.00 | positions=0 | value=$1000.00 | trades=0
[2026-02-11 08:11:49] [momentum-btc] [INFO] Running: python3 check_strategy.py [momentum BTC/USDT 1h]
[2026-02-11 08:11:50] [momentum-btc] [INFO] stderr: Fetching BTC/USDT 1h...

[2026-02-11 08:11:50] [momentum-btc] [INFO] Signal: HOLD | BTC/USDT @ $66943.58
[2026-02-11 08:11:50] [momentum-btc] [INFO] Status: cash=$1000.00 | positions=0 | value=$1000.00 | trades=0
[2026-02-11 08:12:49] [momentum-btc] [INFO] Running: python3 check_strategy.py [momentum BTC/USDT 1h]
[2026-02-11 08:12:50] [momentum-btc] [INFO] stderr: Fetching BTC/USDT 1h...

[2026-02-11 08:12:50] [momentum-btc] [INFO] Signal: HOLD | BTC/USDT @ $66976.49
[2026-02-11 08:12:50] [momentum-btc] [INFO] Status: cash=$1000.00 | positions=0 | value=$1000.00 | trades=0
[2026-02-11 08:18:14] [momentum-btc] [INFO] Running: python3 check_strategy.py [momentum BTC/USDT 1h]
[2026-02-11 08:18:15] [momentum-btc] [INFO] stderr: Fetching BTC/USDT 1h...

[2026-02-11 08:18:15] [momentum-btc] [INFO] Signal: HOLD | BTC/USDT @ $66917.82
[2026-02-11 08:18:15] [momentum-btc] [INFO] Status: cash=$1000.00 | positions=0 | value=$1000.00 | trades=0
[2026-02-11 08:23:37] [momentum-btc] [INFO] Running: python3 check_strategy.py [momentum BTC/USDT 1h]
[2026-02-11 08:23:38] [momentum-btc] [INFO] stderr: Fetching BTC/USDT 1h...

[2026-02-11 08:23:38] [momentum-btc] [INFO] Signal: HOLD | BTC/USDT @ $67079.00
[2026-02-11 08:23:38] [momentum-btc] [INFO] Status: cash=$1000.00 | positions=0 | value=$1000.00 | trades=0
[2026-02-11 08:32:27] [momentum-btc] [INFO] Running: python3 scripts/check_strategy.py [momentum BTC/USDT 1h]
[2026-02-11 08:32:28] [momentum-btc] [INFO] stderr: Fetching BTC/USDT 1h...

[2026-02-11 08:32:28] [momentum-btc] [INFO] Signal: HOLD | BTC/USDT @ $67079.00
[2026-02-11 08:32:28] [momentum-btc] [INFO] Status: cash=$1000.00 | positions=0 | value=$1000.00 | trades=0
