[2026-02-11 08:07:22] [momentum-eth] [INFO] Running: python3 check_strategy.py [momentum ETH/USDT 1h]
[2026-02-11 08:07:23] [momentum-eth] [INFO] stderr: Fetching ETH/USDT 1h...

[2026-02-11 08:07:23] [momentum-eth] [INFO] Signal: HOLD | ETH/USDT @ $1951.04
[2026-02-11 08:07:23] [momentum-eth] [INFO] Status: cash=$1000.00 | positions=0 | value=$1000.00 | trades=0
[2026-02-11 08:09:16] [momentum-eth] [INFO] Running: python3 check_strategy.py [momentum ETH/USDT 1h]
[2026-02-11 08:09:17] [momentum-eth] [INFO] stderr: Fetching ETH/USDT 1h...

[2026-02-11 08:09:17] [momentum-eth] [INFO] Signal: HOLD | ETH/USDT @ $1942.08
[2026-02-11 08:09:17] [momentum-eth] [INFO] Status: cash=$1000.00 | positions=0 | value=$1000.00 | trades=0
[2026-02-11 08:10:19] [momentum-eth] [INFO] Running: python3 check_strategy.py [momentum ETH/USDT 1h]
[2026-02-11 08:10:20] [momentum-eth] [INFO] stderr: Fetching ETH/USDT 1h...

[2026-02-11 08:10:20] [momentum-eth] [INFO] Signal: HOLD | ETH/USDT @ $1941.34
[2026-02-11 08:10:20] [momentum-eth] [INFO] Status: cash=$1000.00 | positions=0 | value=$1000.00 | trades=0
[2026-02-11 08:11:51] [momentum-eth] [INFO] Running: python3 check_strategy.py [momentum ETH/USDT 1h]
[2026-02-11 08:11:53] [momentum-eth] [INFO] stderr: Fetching ETH/USDT 1h...

[2026-02-11 08:11:53] [momentum-eth] [INFO] Signal: HOLD | ETH/USDT @ $1939.67
[2026-02-11 08:11:53] [momentum-eth] [INFO] Status: cash=$1000.00 | positions=0 | value=$1000.00 | trades=0
[2026-02-11 08:12:52] [momentum-eth] [INFO] Running: python3 check_strategy.py [momentum ETH/USDT 1h]
[2026-02-11 08:12:53] [momentum-eth] [INFO] stderr: Fetching ETH/USDT 1h...

[2026-02-11 08:12:53] [momentum-eth] [INFO] Signal: HOLD | ETH/USDT @ $1939.67
[2026-02-11 08:12:53] [momentum-eth] [INFO] Status: cash=$1000.00 | positions=0 | value=$1000.00 | trades=0
[2026-02-11 08:18:17] [momentum-eth] [INFO] Running: python3 check_strategy.py [momentum ETH/USDT 1h]
[2026-02-11 08:18:18] [momentum-eth] [INFO] stderr: Fetching ETH/USDT 1h...

[2026-02-11 08:18:18] [momentum-eth] [INFO] Signal: HOLD | ETH/USDT @ $1944.99
[2026-02-11 08:18:18] [momentum-eth] [INFO] Status: cash=$1000.00 | positions=0 | value=$1000.00 | trades=0
[2026-02-11 08:23:39] [momentum-eth] [INFO] Running: python3 check_strategy.py [momentum ETH/USDT 1h]
[2026-02-11 08:23:40] [momentum-eth] [INFO] stderr: Fetching ETH/USDT 1h...

[2026-02-11 08:23:40] [momentum-eth] [INFO] Signal: HOLD | ETH/USDT @ $1948.23
[2026-02-11 08:23:40] [momentum-eth] [INFO] Status: cash=$1000.00 | positions=0 | value=$1000.00 | trades=0
[2026-02-11 08:32:29] [momentum-eth] [INFO] Running: python3 scripts/check_strategy.py [momentum ETH/USDT 1h]
[2026-02-11 08:32:31] [momentum-eth] [INFO] stderr: Fetching ETH/USDT 1h...

[2026-02-11 08:32:31] [momentum-eth] [INFO] Signal: HOLD | ETH/USDT @ $1946.45
[2026-02-11 08:32:31] [momentum-eth] [INFO] Status: cash=$1000.00 | positions=0 | value=$1000.00 | trades=0
[2026-02-11 08:42:56] [momentum-eth] [INFO] Running: python3 scripts/check_strategy.py [momentum ETH/USDT 1h]
[2026-02-11 08:42:58] [momentum-eth] [INFO] stderr: Fetching ETH/USDT 1h...

[2026-02-11 08:42:58] [momentum-eth] [INFO] Signal: HOLD | ETH/USDT @ $1952.52
[2026-02-11 08:42:58] [momentum-eth] [INFO] Status: cash=$1000.00 | positions=0 | value=$1000.00 | trades=0
[2026-02-11 08:50:41] [momentum-eth] [INFO] Running: python3 scripts/check_strategy.py [momentum ETH/USDT 1h]
[2026-02-11 08:50:43] [momentum-eth] [INFO] stderr: Fetching ETH/USDT 1h...

[2026-02-11 08:50:43] [momentum-eth] [INFO] Signal: HOLD | ETH/USDT @ $1951.65
[2026-02-11 08:50:43] [momentum-eth] [INFO] Status: cash=$1000.00 | positions=0 | value=$1000.00 | trades=0
[2026-02-11 09:01:12] [momentum-eth] [INFO] Running: python3 scripts/check_strategy.py [momentum ETH/USDT 1h]
[2026-02-11 09:01:13] [momentum-eth] [INFO] stderr: Fetching ETH/USDT 1h...

[2026-02-11 09:01:13] [momentum-eth] [INFO] Signal: HOLD | ETH/USDT @ $1951.41
[2026-02-11 09:01:13] [momentum-eth] [INFO] Status: cash=$1000.00 | positions=0 | value=$1000.00 | trades=0
[2026-02-11 09:03:02] [momentum-eth] [INFO] Running: python3 scripts/check_strategy.py [momentum ETH/USDT 1h]
[2026-02-11 09:03:03] [momentum-eth] [INFO] stderr: Fetching ETH/USDT 1h...

[2026-02-11 09:03:03] [momentum-eth] [INFO] Signal: HOLD | ETH/USDT @ $1951.41
[2026-02-11 09:03:03] [momentum-eth] [INFO] Status: cash=$1000.00 | positions=0 | value=$1000.00 | trades=0
[2026-02-11 09:08:33] [momentum-eth] [INFO] Running: python3 scripts/check_strategy.py [momentum ETH/USDT 1h]
[2026-02-11 09:08:34] [momentum-eth] [INFO] stderr: Fetching ETH/USDT 1h...

[2026-02-11 09:08:34] [momentum-eth] [INFO] Signal: HOLD | ETH/USDT @ $1948.61
[2026-02-11 09:08:34] [momentum-eth] [INFO] Status: cash=$1000.00 | positions=0 | value=$1000.00 | trades=0
