/root/.openclaw/workspace/trading-bot/options_trader.py:33: DeprecationWarning: datetime.datetime.utcnow() is deprecated and scheduled for removal in a future version. Use timezone-aware objects to represent datetimes in UTC: datetime.datetime.now(datetime.UTC).
  timestamp = datetime.utcnow().strftime("%Y%m%d_%H%M%S")
Logging to logs/options_momentum_options_BTC_20260211_071244.log
/root/.openclaw/workspace/trading-bot/options_trader.py:112: DeprecationWarning: datetime.datetime.utcnow() is deprecated and scheduled for removal in a future version. Use timezone-aware objects to represent datetimes in UTC: datetime.datetime.now(datetime.UTC).
  self.start_time = datetime.utcnow()

============================================================
  OPTIONS TRADING BOT — SANDBOX PAPER MODE
  Strategy:    momentum_options
  Underlyings: BTC
  Capital:     $1,000.00
  Interval:    600.0s
============================================================

/root/.openclaw/workspace/trading-bot/options_trader.py:145: DeprecationWarning: datetime.datetime.utcnow() is deprecated and scheduled for removal in a future version. Use timezone-aware objects to represent datetimes in UTC: datetime.datetime.now(datetime.UTC).
  now = datetime.utcnow()
[Iter 1] Portfolio: $1,000.00 (+0.00 / +0.00%) | Cash: $1,000.00 | Positions: 0 | Δ: +0.000 | Θ: $+0.00/day
[Iter 2] Portfolio: $1,000.00 (+0.00 / +0.00%) | Cash: $1,000.00 | Positions: 0 | Δ: +0.000 | Θ: $+0.00/day

⚠️  Shutdown signal received...
um-btc] [INFO] Running: python3 check_options.py [momentum_options BTC]
[2026-02-11 07:28:09] [options-momentum-btc] [INFO] Signal: HOLD | BTC spot=$66916.86 | IV rank=69.5 | 0 actions
[2026-02-11 07:28:09] [options-momentum-btc] [INFO] Status: cash=$1000.00 | positions=0 | value=$1000.00 | trades=0
[2026-02-11 07:28:44] [options-momentum-btc] [INFO] Running: python3 check_options.py [momentum_options BTC]
[2026-02-11 07:28:45] [options-momentum-btc] [INFO] Signal: HOLD | BTC spot=$66993.23 | IV rank=68.2 | 0 actions
[2026-02-11 07:28:45] [options-momentum-btc] [INFO] Status: cash=$1000.00 | positions=0 | value=$1000.00 | trades=0
[2026-02-11 07:29:16] [options-momentum-btc] [INFO] Running: python3 check_options.py [momentum_options BTC]
[2026-02-11 07:29:17] [options-momentum-btc] [INFO] Signal: HOLD | BTC spot=$66993.23 | IV rank=68.2 | 0 actions
[2026-02-11 07:29:17] [options-momentum-btc] [INFO] Status: cash=$1000.00 | positions=0 | value=$1000.00 | trades=0
[2026-02-11 07:39:28] [options-momentum-btc] [INFO] Running: python3 check_options.py [momentum_options BTC]
[2026-02-11 07:39:29] [options-momentum-btc] [INFO] Signal: HOLD | BTC spot=$67163.75 | IV rank=65.3 | 0 actions
[2026-02-11 07:39:29] [options-momentum-btc] [INFO] Status: cash=$1000.00 | positions=0 | value=$1000.00 | trades=0
[2026-02-11 07:49:39] [options-momentum-btc] [INFO] Running: python3 check_options.py [momentum_options BTC]
[2026-02-11 07:49:41] [options-momentum-btc] [INFO] Signal: HOLD | BTC spot=$67156.21 | IV rank=65.4 | 0 actions
[2026-02-11 07:49:41] [options-momentum-btc] [INFO] Status: cash=$1000.00 | positions=0 | value=$1000.00 | trades=0
[2026-02-11 07:58:25] [options-momentum-btc] [INFO] Running: python3 check_options.py [momentum_options BTC]
[2026-02-11 07:58:27] [options-momentum-btc] [INFO] Signal: HOLD | BTC spot=$67071.72 | IV rank=66.9 | 0 actions
[2026-02-11 07:58:27] [options-momentum-btc] [INFO] Status: cash=$1000.00 | positions=0 | value=$1000.00 | trades=0
[2026-02-11 08:07:35] [options-momentum-btc] [INFO] Running: python3 check_options.py [momentum_options BTC]
[2026-02-11 08:07:37] [options-momentum-btc] [INFO] Signal: BEARISH | BTC spot=$67020.51 | IV rank=86.3 | 1 actions
[2026-02-11 08:07:37] [options-momentum-btc] [INFO] Insufficient cash ($1000.00) for option buy ($2680.82)
[2026-02-11 08:07:37] [options-momentum-btc] [INFO] Status: cash=$1000.00 | positions=0 | value=$1000.00 | trades=0
[2026-02-11 08:09:32] [options-momentum-btc] [INFO] Running: python3 check_options.py [momentum_options BTC]
[2026-02-11 08:09:34] [options-momentum-btc] [INFO] Signal: BEARISH | BTC spot=$66926.48 | IV rank=87.8 | 1 actions
[2026-02-11 08:09:34] [options-momentum-btc] [INFO] Insufficient cash ($1000.00) for option buy ($2677.06)
[2026-02-11 08:09:34] [options-momentum-btc] [INFO] Status: cash=$1000.00 | positions=0 | value=$1000.00 | trades=0
[2026-02-11 08:10:36] [options-momentum-btc] [INFO] Running: python3 check_options.py [momentum_options BTC]
[2026-02-11 08:10:37] [options-momentum-btc] [INFO] Signal: BEARISH | BTC spot=$66858.98 | IV rank=88.9 | 1 actions
[2026-02-11 08:10:37] [options-momentum-btc] [INFO] Insufficient cash ($1000.00) for option buy ($2674.36)
[2026-02-11 08:10:37] [options-momentum-btc] [INFO] Status: cash=$1000.00 | positions=0 | value=$1000.00 | trades=0
[2026-02-11 08:12:07] [options-momentum-btc] [INFO] Running: python3 check_options.py [momentum_options BTC]
[2026-02-11 08:12:08] [options-momentum-btc] [INFO] Signal: BEARISH | BTC spot=$66943.58 | IV rank=87.5 | 1 actions
[2026-02-11 08:12:08] [options-momentum-btc] [INFO] Insufficient cash ($1000.00) for option buy ($2677.74)
[2026-02-11 08:12:08] [options-momentum-btc] [INFO] Status: cash=$1000.00 | positions=0 | value=$1000.00 | trades=0
[2026-02-11 08:13:08] [options-momentum-btc] [INFO] Running: python3 check_options.py [momentum_options BTC]
[2026-02-11 08:13:09] [options-momentum-btc] [INFO] Signal: BEARISH | BTC spot=$66976.49 | IV rank=87.0 | 1 actions
[2026-02-11 08:13:09] [options-momentum-btc] [INFO] Insufficient cash ($1000.00) for option buy ($2679.06)
[2026-02-11 08:13:09] [options-momentum-btc] [INFO] Status: cash=$1000.00 | positions=0 | value=$1000.00 | trades=0
[2026-02-11 08:18:32] [options-momentum-btc] [INFO] Running: python3 check_options.py [momentum_options BTC 0]
[2026-02-11 08:18:34] [options-momentum-btc] [INFO] Signal: BEARISH | BTC spot=$66917.82 | IV rank=87.9 | 1 actions
[2026-02-11 08:18:34] [options-momentum-btc] [INFO] Insufficient cash ($1000.00) for option buy ($2676.71)
[2026-02-11 08:18:34] [options-momentum-btc] [INFO] Status: cash=$1000.00 | positions=0 | value=$1000.00 | trades=0
[2026-02-11 08:23:54] [options-momentum-btc] [INFO] Running: python3 check_options.py [momentum_options BTC]
[2026-02-11 08:23:56] [options-momentum-btc] [INFO] Signal: BEARISH | BTC spot=$67079.00 | IV rank=85.3 | 1 actions
[2026-02-11 08:23:56] [options-momentum-btc] [INFO] Insufficient cash ($1000.00) for option buy ($2683.16)
[2026-02-11 08:23:56] [options-momentum-btc] [INFO] Status: cash=$1000.00 | positions=0 | value=$1000.00 | trades=0
[2026-02-11 08:32:45] [options-momentum-btc] [INFO] Running: python3 scripts/check_options.py [momentum_options BTC]
[2026-02-11 08:32:47] [options-momentum-btc] [INFO] Signal: BEARISH | BTC spot=$67079.00 | IV rank=85.3 | 1 actions
[2026-02-11 08:32:47] [options-momentum-btc] [INFO] Insufficient cash ($1000.00) for option buy ($2683.16)
[2026-02-11 08:32:47] [options-momentum-btc] [INFO] Status: cash=$1000.00 | positions=0 | value=$1000.00 | trades=0
[2026-02-11 08:43:12] [options-momentum-btc] [INFO] Running: python3 scripts/check_options.py [momentum_options BTC]
[2026-02-11 08:43:13] [options-momentum-btc] [INFO] Signal: BEARISH | BTC spot=$66995.40 | IV rank=86.7 | 1 actions
[2026-02-11 08:43:13] [options-momentum-btc] [INFO] Insufficient cash ($1000.00) for option buy ($2679.82)
[2026-02-11 08:43:13] [options-momentum-btc] [INFO] Status: cash=$1000.00 | positions=0 | value=$1000.00 | trades=0
[2026-02-11 08:50:56] [options-momentum-btc] [INFO] Running: python3 scripts/check_options.py [momentum_options BTC]
[2026-02-11 08:50:58] [options-momentum-btc] [INFO] Signal: BEARISH | BTC spot=$67026.29 | IV rank=86.2 | 1 actions
[2026-02-11 08:50:58] [options-momentum-btc] [INFO] Insufficient cash ($1000.00) for option buy ($2681.05)
[2026-02-11 08:50:58] [options-momentum-btc] [INFO] Status: cash=$1000.00 | positions=0 | value=$1000.00 | trades=0
[2026-02-11 09:01:27] [options-momentum-btc] [INFO] Running: python3 scripts/check_options.py [momentum_options BTC]
[2026-02-11 09:01:28] [options-momentum-btc] [INFO] Signal: BEARISH | BTC spot=$67012.69 | IV rank=86.4 | 1 actions
[2026-02-11 09:01:28] [options-momentum-btc] [INFO] Insufficient cash ($1000.00) for option buy ($2680.51)
[2026-02-11 09:01:28] [options-momentum-btc] [INFO] Status: cash=$1000.00 | positions=0 | value=$1000.00 | trades=0
[2026-02-11 09:03:18] [options-momentum-btc] [INFO] Running: python3 scripts/check_options.py [momentum_options BTC]
[2026-02-11 09:03:19] [options-momentum-btc] [INFO] Signal: BEARISH | BTC spot=$67040.22 | IV rank=86.0 | 1 actions
[2026-02-11 09:03:19] [options-momentum-btc] [INFO] Insufficient cash ($1000.00) for option buy ($2681.61)
[2026-02-11 09:03:19] [options-momentum-btc] [INFO] Status: cash=$1000.00 | positions=0 | value=$1000.00 | trades=0
[2026-02-11 09:23:05] [options-momentum-btc] [INFO] Running: python3 scripts/check_options.py [momentum_options BTC]
[2026-02-11 09:23:06] [options-momentum-btc] [INFO] Signal: BEARISH | BTC spot=$66872.87 | IV rank=88.6 | 1 actions
[2026-02-11 09:23:06] [options-momentum-btc] [INFO] Insufficient cash ($1000.00) for option buy ($2674.91)
[2026-02-11 09:23:06] [options-momentum-btc] [INFO] Status: cash=$1000.00 | positions=0 | value=$1000.00 | trades=0
[2026-02-11 09:28:56] [options-momentum-btc] [INFO] Running: python3 scripts/check_options.py [momentum_options BTC]
[2026-02-11 09:28:58] [options-momentum-btc] [INFO] Signal: BEARISH | BTC spot=$66872.87 | IV rank=88.6 | 1 actions
[2026-02-11 09:28:58] [options-momentum-btc] [INFO] Insufficient cash ($1000.00) for option buy ($2674.91)
[2026-02-11 09:28:58] [options-momentum-btc] [INFO] Status: cash=$1000.00 | positions=0 | value=$1000.00 | trades=0
