/root/.openclaw/workspace/trading-bot/options_trader.py:33: DeprecationWarning: datetime.datetime.utcnow() is deprecated and scheduled for removal in a future version. Use timezone-aware objects to represent datetimes in UTC: datetime.datetime.now(datetime.UTC).
  timestamp = datetime.utcnow().strftime("%Y%m%d_%H%M%S")
Logging to logs/options_vol_mean_reversion_ETH_20260211_071313.log
/root/.openclaw/workspace/trading-bot/options_trader.py:112: DeprecationWarning: datetime.datetime.utcnow() is deprecated and scheduled for removal in a future version. Use timezone-aware objects to represent datetimes in UTC: datetime.datetime.now(datetime.UTC).
  self.start_time = datetime.utcnow()

============================================================
  OPTIONS TRADING BOT — SANDBOX PAPER MODE
  Strategy:    vol_mean_reversion
  Underlyings: ETH
  Capital:     $1,000.00
  Interval:    600.0s
============================================================

/root/.openclaw/workspace/trading-bot/options_trader.py:145: DeprecationWarning: datetime.datetime.utcnow() is deprecated and scheduled for removal in a future version. Use timezone-aware objects to represent datetimes in UTC: datetime.datetime.now(datetime.UTC).
  now = datetime.utcnow()
[Iter 1] Portfolio: $1,000.00 (+0.00 / +0.00%) | Cash: $1,000.00 | Positions: 0 | Δ: +0.000 | Θ: $+0.00/day
[Iter 2] Portfolio: $1,000.00 (+0.00 / +0.00%) | Cash: $1,000.00 | Positions: 0 | Δ: +0.000 | Θ: $+0.00/day

⚠️  Shutdown signal received...
h] [INFO] Running: python3 check_options.py [vol_mean_reversion ETH]
[2026-02-11 07:28:14] [options-vol-eth] [INFO] Signal: BEARISH | ETH spot=$1953.76 | IV rank=90.5 | 2 actions
[2026-02-11 07:28:14] [options-vol-eth] [INFO] SELL OPTION ETH call strike=2100 exp=2026-03-13 | +$48.84
[2026-02-11 07:28:14] [options-vol-eth] [INFO] SELL OPTION ETH put strike=1800 exp=2026-03-13 | +$39.08
[2026-02-11 07:28:14] [options-vol-eth] [INFO] Status: cash=$1087.92 | positions=2 | value=$1000.00 | trades=2
[2026-02-11 07:28:48] [options-vol-eth] [INFO] Running: python3 check_options.py [vol_mean_reversion ETH]
[2026-02-11 07:28:50] [options-vol-eth] [INFO] Signal: BEARISH | ETH spot=$1953.76 | IV rank=90.5 | 2 actions
[2026-02-11 07:28:50] [options-vol-eth] [INFO] SELL OPTION ETH call strike=2100 exp=2026-03-13 | +$48.84
[2026-02-11 07:28:50] [options-vol-eth] [INFO] SELL OPTION ETH put strike=1800 exp=2026-03-13 | +$39.08
[2026-02-11 07:28:50] [options-vol-eth] [INFO] Status: cash=$1175.84 | positions=2 | value=$1087.92 | trades=2
[2026-02-11 07:29:20] [options-vol-eth] [INFO] Running: python3 check_options.py [vol_mean_reversion ETH]
[2026-02-11 07:29:22] [options-vol-eth] [INFO] Signal: BEARISH | ETH spot=$1953.76 | IV rank=90.5 | 2 actions
[2026-02-11 07:29:22] [options-vol-eth] [INFO] SELL OPTION ETH call strike=2100 exp=2026-03-13 | +$48.84
[2026-02-11 07:29:22] [options-vol-eth] [INFO] SELL OPTION ETH put strike=1800 exp=2026-03-13 | +$39.08
[2026-02-11 07:29:22] [options-vol-eth] [INFO] Status: cash=$1263.76 | positions=2 | value=$1175.84 | trades=2
[2026-02-11 07:39:32] [options-vol-eth] [INFO] Running: python3 check_options.py [vol_mean_reversion ETH]
[2026-02-11 07:39:33] [options-vol-eth] [INFO] Signal: BEARISH | ETH spot=$1955.28 | IV rank=90.5 | 2 actions
[2026-02-11 07:39:33] [options-vol-eth] [INFO] SELL OPTION ETH call strike=2200 exp=2026-03-13 | +$48.88
[2026-02-11 07:39:33] [options-vol-eth] [INFO] SELL OPTION ETH put strike=1800 exp=2026-03-13 | +$39.11
[2026-02-11 07:39:33] [options-vol-eth] [INFO] Status: cash=$1351.75 | positions=3 | value=$1214.92 | trades=2
[2026-02-11 07:49:44] [options-vol-eth] [INFO] Running: python3 check_options.py [vol_mean_reversion ETH]
[2026-02-11 07:49:45] [options-vol-eth] [INFO] Signal: BEARISH | ETH spot=$1954.46 | IV rank=90.5 | 2 actions
[2026-02-11 07:49:45] [options-vol-eth] [INFO] SELL OPTION ETH call strike=2100 exp=2026-03-13 | +$48.86
[2026-02-11 07:49:45] [options-vol-eth] [INFO] SELL OPTION ETH put strike=1800 exp=2026-03-13 | +$39.09
[2026-02-11 07:49:45] [options-vol-eth] [INFO] Status: cash=$1439.70 | positions=3 | value=$1302.87 | trades=2
[2026-02-11 07:58:29] [options-vol-eth] [INFO] Running: python3 check_options.py [vol_mean_reversion ETH]
[2026-02-11 07:58:31] [options-vol-eth] [INFO] Signal: BEARISH | ETH spot=$1953.98 | IV rank=90.5 | 2 actions
[2026-02-11 07:58:31] [options-vol-eth] [INFO] SELL OPTION ETH call strike=2100 exp=2026-03-13 | +$48.85
[2026-02-11 07:58:31] [options-vol-eth] [INFO] SELL OPTION ETH put strike=1800 exp=2026-03-13 | +$39.08
[2026-02-11 07:58:31] [options-vol-eth] [INFO] Status: cash=$1527.63 | positions=3 | value=$1390.82 | trades=2
[2026-02-11 08:07:39] [options-vol-eth] [INFO] Running: python3 check_options.py [vol_mean_reversion ETH]
[2026-02-11 08:07:41] [options-vol-eth] [INFO] Signal: BEARISH | ETH spot=$1948.55 | IV rank=90.6 | 2 actions
[2026-02-11 08:07:41] [options-vol-eth] [INFO] SELL OPTION ETH call strike=2100 exp=2026-03-13 | +$48.71
[2026-02-11 08:07:41] [options-vol-eth] [INFO] SELL OPTION ETH put strike=1800 exp=2026-03-13 | +$38.97
[2026-02-11 08:07:41] [options-vol-eth] [INFO] Status: cash=$1615.31 | positions=3 | value=$1478.75 | trades=2
[2026-02-11 08:09:37] [options-vol-eth] [INFO] Running: python3 check_options.py [vol_mean_reversion ETH]
[2026-02-11 08:09:38] [options-vol-eth] [INFO] Signal: BEARISH | ETH spot=$1942.08 | IV rank=90.6 | 2 actions
[2026-02-11 08:09:38] [options-vol-eth] [INFO] SELL OPTION ETH call strike=2100 exp=2026-03-13 | +$48.55
[2026-02-11 08:09:38] [options-vol-eth] [INFO] SELL OPTION ETH put strike=1700 exp=2026-03-13 | +$38.84
[2026-02-11 08:09:38] [options-vol-eth] [INFO] Status: cash=$1702.70 | positions=4 | value=$1527.46 | trades=2
[2026-02-11 08:10:40] [options-vol-eth] [INFO] Running: python3 check_options.py [vol_mean_reversion ETH]
[2026-02-11 08:10:41] [options-vol-eth] [INFO] Signal: BEARISH | ETH spot=$1939.67 | IV rank=90.7 | 2 actions
[2026-02-11 08:10:41] [options-vol-eth] [INFO] SELL OPTION ETH call strike=2100 exp=2026-03-13 | +$48.49
[2026-02-11 08:10:41] [options-vol-eth] [INFO] SELL OPTION ETH put strike=1700 exp=2026-03-13 | +$38.79
[2026-02-11 08:10:41] [options-vol-eth] [INFO] Status: cash=$1789.98 | positions=4 | value=$1614.85 | trades=2
[2026-02-11 08:12:11] [options-vol-eth] [INFO] Running: python3 check_options.py [vol_mean_reversion ETH]
[2026-02-11 08:12:13] [options-vol-eth] [INFO] Signal: BEARISH | ETH spot=$1939.67 | IV rank=90.7 | 2 actions
[2026-02-11 08:12:13] [options-vol-eth] [INFO] SELL OPTION ETH call strike=2100 exp=2026-03-13 | +$48.49
[2026-02-11 08:12:13] [options-vol-eth] [INFO] SELL OPTION ETH put strike=1700 exp=2026-03-13 | +$38.79
[2026-02-11 08:12:13] [options-vol-eth] [INFO] Status: cash=$1877.26 | positions=4 | value=$1702.13 | trades=2
[2026-02-11 08:13:12] [options-vol-eth] [INFO] Running: python3 check_options.py [vol_mean_reversion ETH]
[2026-02-11 08:13:14] [options-vol-eth] [INFO] Signal: BEARISH | ETH spot=$1939.67 | IV rank=90.7 | 2 actions
[2026-02-11 08:13:14] [options-vol-eth] [INFO] SELL OPTION ETH call strike=2100 exp=2026-03-13 | +$48.49
[2026-02-11 08:13:14] [options-vol-eth] [INFO] SELL OPTION ETH put strike=1700 exp=2026-03-13 | +$38.79
[2026-02-11 08:13:14] [options-vol-eth] [INFO] Status: cash=$1964.54 | positions=4 | value=$1789.41 | trades=2
[2026-02-11 08:18:35] [options-vol-eth] [INFO] Running: python3 check_options.py [vol_mean_reversion ETH 4]
[2026-02-11 08:18:35] [options-vol-eth] [INFO] Signal: HOLD | ETH spot=$0.00 | IV rank=0.0 | 0 actions
[2026-02-11 08:18:35] [options-vol-eth] [INFO] Status: cash=$1964.54 | positions=4 | value=$1789.41 | trades=0
[2026-02-11 08:23:57] [options-vol-eth] [INFO] Running: python3 check_options.py [vol_mean_reversion ETH]
[2026-02-11 08:23:57] [options-vol-eth] [INFO] Signal: HOLD | ETH spot=$0.00 | IV rank=0.0 | 0 actions
[2026-02-11 08:23:57] [options-vol-eth] [INFO] Status: cash=$1964.54 | positions=4 | value=$1789.41 | trades=0
[2026-02-11 08:32:48] [options-vol-eth] [INFO] Running: python3 scripts/check_options.py [vol_mean_reversion ETH]
[2026-02-11 08:32:48] [options-vol-eth] [INFO] Signal: HOLD | ETH spot=$0.00 | IV rank=0.0 | 0 actions
[2026-02-11 08:32:48] [options-vol-eth] [INFO] Status: cash=$1964.54 | positions=4 | value=$1789.41 | trades=0
