2026-02-11 07:08:33 | INFO    | Logging to logs/options_momentum_options_BTC_20260211_070833.log
2026-02-11 07:08:33 | INFO    | 
============================================================
2026-02-11 07:08:33 | INFO    |   OPTIONS TRADING BOT — SANDBOX PAPER MODE
2026-02-11 07:08:33 | INFO    |   Strategy:    momentum_options
2026-02-11 07:08:33 | INFO    |   Underlyings: BTC
2026-02-11 07:08:33 | INFO    |   Capital:     $10,000.00
2026-02-11 07:08:33 | INFO    |   Interval:    10.0s
2026-02-11 07:08:33 | INFO    | ============================================================

2026-02-11 07:08:33 | DEBUG   | --- Iteration 1 @ 2026-02-11 07:08 UTC ---
2026-02-11 07:08:34 | DEBUG   |   [BTC] No momentum signal
2026-02-11 07:08:34 | INFO    | [Iter 1] Portfolio: $10,000.00 (+0.00 / +0.00%) | Cash: $10,000.00 | Positions: 0 | Δ: +0.000 | Θ: $+0.00/day
2026-02-11 07:08:34 | INFO    | 
Max iterations (1) reached. Stopping.
2026-02-11 07:08:34 | INFO    | 
=======================================================
  OPTIONS TRADING — FINAL REPORT
=======================================================
  Strategy:      momentum_options
  Underlyings:   BTC
  Runtime:       1 iterations
  Portfolio:     $10,000.00
  PnL:           $+0.00 (+0.00%)
  Cash:          $10,000.00
  Positions:     0
  Total Trades:  0
=======================================================
2026-02-11 07:08:34 | INFO    | 
───────────────────────────────────────────────────────
  OPTIONS RISK MANAGER STATUS
───────────────────────────────────────────────────────
  Circuit Breaker:    🟢 OK
  Consecutive Losses: 0/4
  Daily PnL:          $+0.00
  Drawdown:           0.0% (max: -20.0%)
  Positions:          0/10
───────────────────────────────────────────────────────
  PORTFOLIO GREEKS
  Delta:    +0.000  (limit: -5.0 to 5.0)
  Gamma:    +0.0000  (limit: ±2.0)
  Theta:    $+0.00/day
  Vega:     +0.00  (limit: ±500.0)
───────────────────────────────────────────────────────
  EXPOSURE
  Premium at Risk:    $0.00 (0.0%)
  Est. Margin:        $0.00 (0.0%)
  Hedge Spend/Month:  $0.00
───────────────────────────────────────────────────────
