[2026-02-11 08:07:41] [options-calls-btc] [INFO] Running: python3 check_options.py [covered_calls BTC]
[2026-02-11 08:07:41] [options-calls-btc] [ERROR] Script returned error: Unknown strategy: covered_calls. Available: ['momentum_options', 'vol_mean_reversion']
[2026-02-11 08:07:41] [options-calls-btc] [INFO] Status: cash=$1000.00 | positions=0 | value=$1000.00 | trades=0
[2026-02-11 08:09:38] [options-calls-btc] [INFO] Running: python3 check_options.py [covered_calls BTC]
[2026-02-11 08:09:38] [options-calls-btc] [ERROR] Script returned error: Unknown strategy: covered_calls. Available: ['momentum_options', 'vol_mean_reversion']
[2026-02-11 08:09:38] [options-calls-btc] [INFO] Status: cash=$1000.00 | positions=0 | value=$1000.00 | trades=0
[2026-02-11 08:10:41] [options-calls-btc] [INFO] Running: python3 check_options.py [covered_calls BTC]
[2026-02-11 08:10:41] [options-calls-btc] [ERROR] Script returned error: Unknown strategy: covered_calls. Available: ['momentum_options', 'vol_mean_reversion']
[2026-02-11 08:10:41] [options-calls-btc] [INFO] Status: cash=$1000.00 | positions=0 | value=$1000.00 | trades=0
[2026-02-11 08:12:13] [options-calls-btc] [INFO] Running: python3 check_options.py [covered_calls BTC]
[2026-02-11 08:12:13] [options-calls-btc] [ERROR] Script returned error: Unknown strategy: covered_calls. Available: ['momentum_options', 'vol_mean_reversion']
[2026-02-11 08:12:13] [options-calls-btc] [INFO] Status: cash=$1000.00 | positions=0 | value=$1000.00 | trades=0
[2026-02-11 08:13:17] [options-calls-btc] [INFO] Running: python3 check_options.py [covered_calls BTC]
[2026-02-11 08:13:19] [options-calls-btc] [INFO] Signal: BEARISH | BTC spot=$66976.49 | IV rank=68.8 | 1 actions
[2026-02-11 08:13:19] [options-calls-btc] [INFO] SELL OPTION BTC call strike=75000 exp=2026-03-04 | +$1339.53
[2026-02-11 08:13:19] [options-calls-btc] [INFO] Status: cash=$2339.53 | positions=1 | value=$1000.00 | trades=1
[2026-02-11 08:18:38] [options-calls-btc] [INFO] Running: python3 check_options.py [covered_calls BTC 1]
[2026-02-11 08:18:40] [options-calls-btc] [INFO] Signal: BEARISH | BTC spot=$66917.82 | IV rank=68.8 | 1 actions
[2026-02-11 08:18:40] [options-calls-btc] [INFO] SELL OPTION BTC call strike=74900 exp=2026-03-04 | +$1338.36
[2026-02-11 08:18:40] [options-calls-btc] [INFO] Status: cash=$3677.89 | positions=2 | value=$1000.00 | trades=1
[2026-02-11 08:24:00] [options-calls-btc] [INFO] Running: python3 check_options.py [covered_calls BTC]
[2026-02-11 08:24:00] [options-calls-btc] [INFO] Signal: HOLD | BTC spot=$0.00 | IV rank=0.0 | 0 actions
[2026-02-11 08:24:00] [options-calls-btc] [INFO] Status: cash=$3677.89 | positions=2 | value=$1000.00 | trades=0
