/root/.openclaw/workspace/trading-bot/options_trader.py:33: DeprecationWarning: datetime.datetime.utcnow() is deprecated and scheduled for removal in a future version. Use timezone-aware objects to represent datetimes in UTC: datetime.datetime.now(datetime.UTC).
  timestamp = datetime.utcnow().strftime("%Y%m%d_%H%M%S")
Logging to logs/options_momentum_options_ETH_20260211_071313.log
/root/.openclaw/workspace/trading-bot/options_trader.py:112: DeprecationWarning: datetime.datetime.utcnow() is deprecated and scheduled for removal in a future version. Use timezone-aware objects to represent datetimes in UTC: datetime.datetime.now(datetime.UTC).
  self.start_time = datetime.utcnow()

============================================================
  OPTIONS TRADING BOT — SANDBOX PAPER MODE
  Strategy:    momentum_options
  Underlyings: ETH
  Capital:     $1,000.00
  Interval:    600.0s
============================================================

/root/.openclaw/workspace/trading-bot/options_trader.py:145: DeprecationWarning: datetime.datetime.utcnow() is deprecated and scheduled for removal in a future version. Use timezone-aware objects to represent datetimes in UTC: datetime.datetime.now(datetime.UTC).
  now = datetime.utcnow()
[Iter 1] Portfolio: $1,000.00 (+0.00 / +0.00%) | Cash: $1,000.00 | Positions: 0 | Δ: +0.000 | Θ: $+0.00/day
[Iter 2] Portfolio: $1,000.00 (+0.00 / +0.00%) | Cash: $1,000.00 | Positions: 0 | Δ: +0.000 | Θ: $+0.00/day

⚠️  Shutdown signal received...
um-eth] [INFO] Running: python3 check_options.py [momentum_options ETH]
[2026-02-11 07:28:10] [options-momentum-eth] [INFO] Signal: HOLD | ETH spot=$1953.76 | IV rank=66.4 | 0 actions
[2026-02-11 07:28:10] [options-momentum-eth] [INFO] Status: cash=$1000.00 | positions=0 | value=$1000.00 | trades=0
[2026-02-11 07:28:45] [options-momentum-eth] [INFO] Running: python3 check_options.py [momentum_options ETH]
[2026-02-11 07:28:47] [options-momentum-eth] [INFO] Signal: HOLD | ETH spot=$1953.76 | IV rank=66.4 | 0 actions
[2026-02-11 07:28:47] [options-momentum-eth] [INFO] Status: cash=$1000.00 | positions=0 | value=$1000.00 | trades=0
[2026-02-11 07:29:17] [options-momentum-eth] [INFO] Running: python3 check_options.py [momentum_options ETH]
[2026-02-11 07:29:19] [options-momentum-eth] [INFO] Signal: HOLD | ETH spot=$1953.76 | IV rank=66.4 | 0 actions
[2026-02-11 07:29:19] [options-momentum-eth] [INFO] Status: cash=$1000.00 | positions=0 | value=$1000.00 | trades=0
[2026-02-11 07:39:29] [options-momentum-eth] [INFO] Running: python3 check_options.py [momentum_options ETH]
[2026-02-11 07:39:30] [options-momentum-eth] [INFO] Signal: HOLD | ETH spot=$1955.28 | IV rank=65.8 | 0 actions
[2026-02-11 07:39:30] [options-momentum-eth] [INFO] Status: cash=$1000.00 | positions=0 | value=$1000.00 | trades=0
[2026-02-11 07:49:41] [options-momentum-eth] [INFO] Running: python3 check_options.py [momentum_options ETH]
[2026-02-11 07:49:42] [options-momentum-eth] [INFO] Signal: HOLD | ETH spot=$1954.46 | IV rank=66.1 | 0 actions
[2026-02-11 07:49:42] [options-momentum-eth] [INFO] Status: cash=$1000.00 | positions=0 | value=$1000.00 | trades=0
[2026-02-11 07:58:27] [options-momentum-eth] [INFO] Running: python3 check_options.py [momentum_options ETH]
[2026-02-11 07:58:28] [options-momentum-eth] [INFO] Signal: HOLD | ETH spot=$1953.98 | IV rank=66.3 | 0 actions
[2026-02-11 07:58:28] [options-momentum-eth] [INFO] Status: cash=$1000.00 | positions=0 | value=$1000.00 | trades=0
[2026-02-11 08:07:37] [options-momentum-eth] [INFO] Running: python3 check_options.py [momentum_options ETH]
[2026-02-11 08:07:38] [options-momentum-eth] [INFO] Signal: HOLD | ETH spot=$1948.55 | IV rank=73.7 | 0 actions
[2026-02-11 08:07:38] [options-momentum-eth] [INFO] Status: cash=$1000.00 | positions=0 | value=$1000.00 | trades=0
[2026-02-11 08:09:34] [options-momentum-eth] [INFO] Running: python3 check_options.py [momentum_options ETH]
[2026-02-11 08:09:35] [options-momentum-eth] [INFO] Signal: HOLD | ETH spot=$1942.08 | IV rank=76.3 | 0 actions
[2026-02-11 08:09:35] [options-momentum-eth] [INFO] Status: cash=$1000.00 | positions=0 | value=$1000.00 | trades=0
[2026-02-11 08:10:37] [options-momentum-eth] [INFO] Running: python3 check_options.py [momentum_options ETH]
[2026-02-11 08:10:39] [options-momentum-eth] [INFO] Signal: HOLD | ETH spot=$1939.67 | IV rank=77.3 | 0 actions
[2026-02-11 08:10:39] [options-momentum-eth] [INFO] Status: cash=$1000.00 | positions=0 | value=$1000.00 | trades=0
[2026-02-11 08:12:08] [options-momentum-eth] [INFO] Running: python3 check_options.py [momentum_options ETH]
[2026-02-11 08:12:10] [options-momentum-eth] [INFO] Signal: HOLD | ETH spot=$1939.67 | IV rank=77.3 | 0 actions
[2026-02-11 08:12:10] [options-momentum-eth] [INFO] Status: cash=$1000.00 | positions=0 | value=$1000.00 | trades=0
[2026-02-11 08:13:09] [options-momentum-eth] [INFO] Running: python3 check_options.py [momentum_options ETH]
[2026-02-11 08:13:11] [options-momentum-eth] [INFO] Signal: HOLD | ETH spot=$1939.67 | IV rank=77.3 | 0 actions
[2026-02-11 08:13:11] [options-momentum-eth] [INFO] Status: cash=$1000.00 | positions=0 | value=$1000.00 | trades=0
[2026-02-11 08:18:34] [options-momentum-eth] [INFO] Running: python3 check_options.py [momentum_options ETH 0]
[2026-02-11 08:18:35] [options-momentum-eth] [INFO] Signal: HOLD | ETH spot=$1944.99 | IV rank=75.1 | 0 actions
[2026-02-11 08:18:35] [options-momentum-eth] [INFO] Status: cash=$1000.00 | positions=0 | value=$1000.00 | trades=0
[2026-02-11 08:23:56] [options-momentum-eth] [INFO] Running: python3 check_options.py [momentum_options ETH]
[2026-02-11 08:23:57] [options-momentum-eth] [INFO] Signal: HOLD | ETH spot=$1948.23 | IV rank=73.8 | 0 actions
[2026-02-11 08:23:57] [options-momentum-eth] [INFO] Status: cash=$1000.00 | positions=0 | value=$1000.00 | trades=0
[2026-02-11 08:32:47] [options-momentum-eth] [INFO] Running: python3 scripts/check_options.py [momentum_options ETH]
[2026-02-11 08:32:48] [options-momentum-eth] [INFO] Signal: HOLD | ETH spot=$1946.45 | IV rank=74.5 | 0 actions
[2026-02-11 08:32:48] [options-momentum-eth] [INFO] Status: cash=$1000.00 | positions=0 | value=$1000.00 | trades=0
