[2026-02-11 08:07:41] [options-puts-btc] [INFO] Running: python3 check_options.py [protective_puts BTC]
[2026-02-11 08:07:41] [options-puts-btc] [ERROR] Script returned error: Unknown strategy: protective_puts. Available: ['momentum_options', 'vol_mean_reversion']
[2026-02-11 08:07:41] [options-puts-btc] [INFO] Status: cash=$1000.00 | positions=0 | value=$1000.00 | trades=0
[2026-02-11 08:09:38] [options-puts-btc] [INFO] Running: python3 check_options.py [protective_puts BTC]
[2026-02-11 08:09:38] [options-puts-btc] [ERROR] Script returned error: Unknown strategy: protective_puts. Available: ['momentum_options', 'vol_mean_reversion']
[2026-02-11 08:09:38] [options-puts-btc] [INFO] Status: cash=$1000.00 | positions=0 | value=$1000.00 | trades=0
[2026-02-11 08:10:41] [options-puts-btc] [INFO] Running: python3 check_options.py [protective_puts BTC]
[2026-02-11 08:10:41] [options-puts-btc] [ERROR] Script returned error: Unknown strategy: protective_puts. Available: ['momentum_options', 'vol_mean_reversion']
[2026-02-11 08:10:41] [options-puts-btc] [INFO] Status: cash=$1000.00 | positions=0 | value=$1000.00 | trades=0
[2026-02-11 08:12:13] [options-puts-btc] [INFO] Running: python3 check_options.py [protective_puts BTC]
[2026-02-11 08:12:13] [options-puts-btc] [ERROR] Script returned error: Unknown strategy: protective_puts. Available: ['momentum_options', 'vol_mean_reversion']
[2026-02-11 08:12:13] [options-puts-btc] [INFO] Status: cash=$1000.00 | positions=0 | value=$1000.00 | trades=0
[2026-02-11 08:13:14] [options-puts-btc] [INFO] Running: python3 check_options.py [protective_puts BTC]
[2026-02-11 08:13:15] [options-puts-btc] [INFO] Signal: BULLISH | BTC spot=$66976.49 | IV rank=68.8 | 1 actions
[2026-02-11 08:13:15] [options-puts-btc] [INFO] Insufficient cash ($1000.00) for option buy ($1004.65)
[2026-02-11 08:13:15] [options-puts-btc] [INFO] Status: cash=$1000.00 | positions=0 | value=$1000.00 | trades=0
[2026-02-11 08:18:35] [options-puts-btc] [INFO] Running: python3 check_options.py [protective_puts BTC 0]
[2026-02-11 08:18:36] [options-puts-btc] [INFO] Signal: BULLISH | BTC spot=$66917.82 | IV rank=68.8 | 1 actions
[2026-02-11 08:18:36] [options-puts-btc] [INFO] Insufficient cash ($1000.00) for option buy ($1003.77)
[2026-02-11 08:18:36] [options-puts-btc] [INFO] Status: cash=$1000.00 | positions=0 | value=$1000.00 | trades=0
[2026-02-11 08:23:57] [options-puts-btc] [INFO] Running: python3 check_options.py [protective_puts BTC]
[2026-02-11 08:23:59] [options-puts-btc] [INFO] Signal: BULLISH | BTC spot=$67079.00 | IV rank=68.8 | 1 actions
[2026-02-11 08:23:59] [options-puts-btc] [INFO] Insufficient cash ($1000.00) for option buy ($1006.18)
[2026-02-11 08:23:59] [options-puts-btc] [INFO] Status: cash=$1000.00 | positions=0 | value=$1000.00 | trades=0
[2026-02-11 08:32:48] [options-puts-btc] [INFO] Running: python3 scripts/check_options.py [protective_puts BTC]
[2026-02-11 08:32:49] [options-puts-btc] [INFO] Signal: BULLISH | BTC spot=$67079.00 | IV rank=68.8 | 1 actions
[2026-02-11 08:32:49] [options-puts-btc] [INFO] Insufficient cash ($1000.00) for option buy ($1006.18)
[2026-02-11 08:32:49] [options-puts-btc] [INFO] Status: cash=$1000.00 | positions=0 | value=$1000.00 | trades=0
[2026-02-11 08:43:14] [options-puts-btc] [INFO] Running: python3 scripts/check_options.py [protective_puts BTC]
[2026-02-11 08:43:16] [options-puts-btc] [INFO] Signal: BULLISH | BTC spot=$66995.40 | IV rank=68.8 | 1 actions
[2026-02-11 08:43:16] [options-puts-btc] [INFO] Insufficient cash ($1000.00) for option buy ($1004.93)
[2026-02-11 08:43:16] [options-puts-btc] [INFO] Status: cash=$1000.00 | positions=0 | value=$1000.00 | trades=0
[2026-02-11 08:51:02] [options-puts-btc] [INFO] Running: python3 scripts/check_options.py [protective_puts BTC]
[2026-02-11 08:51:04] [options-puts-btc] [INFO] Signal: BULLISH | BTC spot=$67026.29 | IV rank=68.8 | 1 actions
[2026-02-11 08:51:04] [options-puts-btc] [INFO] Insufficient cash ($1000.00) for option buy ($1005.39)
[2026-02-11 08:51:04] [options-puts-btc] [INFO] Status: cash=$1000.00 | positions=0 | value=$1000.00 | trades=0
[2026-02-11 09:01:30] [options-puts-btc] [INFO] Running: python3 scripts/check_options.py [protective_puts BTC]
[2026-02-11 09:01:31] [options-puts-btc] [INFO] Signal: BULLISH | BTC spot=$67012.69 | IV rank=68.8 | 1 actions
[2026-02-11 09:01:31] [options-puts-btc] [INFO] Insufficient cash ($1000.00) for option buy ($1005.19)
[2026-02-11 09:01:31] [options-puts-btc] [INFO] Status: cash=$1000.00 | positions=0 | value=$1000.00 | trades=0
[2026-02-11 09:03:23] [options-puts-btc] [INFO] Running: python3 scripts/check_options.py [protective_puts BTC]
[2026-02-11 09:03:25] [options-puts-btc] [INFO] Signal: BULLISH | BTC spot=$67040.22 | IV rank=68.8 | 1 actions
[2026-02-11 09:03:25] [options-puts-btc] [INFO] Insufficient cash ($1000.00) for option buy ($1005.60)
[2026-02-11 09:03:25] [options-puts-btc] [INFO] Status: cash=$1000.00 | positions=0 | value=$1000.00 | trades=0
