[2026-02-11 08:07:41] [options-calls-eth] [INFO] Running: python3 check_options.py [covered_calls ETH]
[2026-02-11 08:07:41] [options-calls-eth] [ERROR] Script returned error: Unknown strategy: covered_calls. Available: ['momentum_options', 'vol_mean_reversion']
[2026-02-11 08:07:41] [options-calls-eth] [INFO] Status: cash=$1000.00 | positions=0 | value=$1000.00 | trades=0
[2026-02-11 08:09:38] [options-calls-eth] [INFO] Running: python3 check_options.py [covered_calls ETH]
[2026-02-11 08:09:38] [options-calls-eth] [ERROR] Script returned error: Unknown strategy: covered_calls. Available: ['momentum_options', 'vol_mean_reversion']
[2026-02-11 08:09:38] [options-calls-eth] [INFO] Status: cash=$1000.00 | positions=0 | value=$1000.00 | trades=0
[2026-02-11 08:10:41] [options-calls-eth] [INFO] Running: python3 check_options.py [covered_calls ETH]
[2026-02-11 08:10:42] [options-calls-eth] [ERROR] Script returned error: Unknown strategy: covered_calls. Available: ['momentum_options', 'vol_mean_reversion']
[2026-02-11 08:10:42] [options-calls-eth] [INFO] Status: cash=$1000.00 | positions=0 | value=$1000.00 | trades=0
[2026-02-11 08:12:13] [options-calls-eth] [INFO] Running: python3 check_options.py [covered_calls ETH]
[2026-02-11 08:12:13] [options-calls-eth] [ERROR] Script returned error: Unknown strategy: covered_calls. Available: ['momentum_options', 'vol_mean_reversion']
[2026-02-11 08:12:13] [options-calls-eth] [INFO] Status: cash=$1000.00 | positions=0 | value=$1000.00 | trades=0
[2026-02-11 08:13:19] [options-calls-eth] [INFO] Running: python3 check_options.py [covered_calls ETH]
[2026-02-11 08:13:20] [options-calls-eth] [INFO] Signal: BEARISH | ETH spot=$1939.67 | IV rank=66.1 | 1 actions
[2026-02-11 08:13:20] [options-calls-eth] [INFO] SELL OPTION ETH call strike=2200 exp=2026-03-04 | +$38.79
[2026-02-11 08:13:20] [options-calls-eth] [INFO] Status: cash=$1038.79 | positions=1 | value=$1000.00 | trades=1
[2026-02-11 08:18:40] [options-calls-eth] [INFO] Running: python3 check_options.py [covered_calls ETH 1]
[2026-02-11 08:18:41] [options-calls-eth] [INFO] Signal: BEARISH | ETH spot=$1944.99 | IV rank=66.1 | 1 actions
[2026-02-11 08:18:41] [options-calls-eth] [INFO] SELL OPTION ETH call strike=2200 exp=2026-03-04 | +$38.90
[2026-02-11 08:18:41] [options-calls-eth] [INFO] Status: cash=$1077.69 | positions=1 | value=$1038.79 | trades=1
[2026-02-11 08:24:00] [options-calls-eth] [INFO] Running: python3 check_options.py [covered_calls ETH]
[2026-02-11 08:24:01] [options-calls-eth] [INFO] stderr: Skipping sell call strike=2200.0: score=0.1 (overlapping strikes 0.0%; same expiry)

[2026-02-11 08:24:01] [options-calls-eth] [INFO] Signal: HOLD | ETH spot=$1948.23 | IV rank=66.1 | 0 actions
[2026-02-11 08:24:01] [options-calls-eth] [INFO] Status: cash=$1077.69 | positions=1 | value=$1038.79 | trades=0
[2026-02-11 08:32:51] [options-calls-eth] [INFO] Running: python3 scripts/check_options.py [covered_calls ETH]
[2026-02-11 08:32:53] [options-calls-eth] [INFO] stderr: Skipping sell call strike=2200.0: score=0.1 (overlapping strikes 0.0%; same expiry)

[2026-02-11 08:32:53] [options-calls-eth] [INFO] Signal: HOLD | ETH spot=$1946.45 | IV rank=66.1 | 0 actions
[2026-02-11 08:32:53] [options-calls-eth] [INFO] Status: cash=$1077.69 | positions=1 | value=$1038.79 | trades=0
[2026-02-11 08:43:17] [options-calls-eth] [INFO] Running: python3 scripts/check_options.py [covered_calls ETH]
[2026-02-11 08:43:19] [options-calls-eth] [INFO] stderr: Skipping sell call strike=2200.0: score=0.1 (overlapping strikes 0.0%; same expiry)

[2026-02-11 08:43:19] [options-calls-eth] [INFO] Signal: HOLD | ETH spot=$1952.52 | IV rank=66.1 | 0 actions
[2026-02-11 08:43:19] [options-calls-eth] [INFO] Status: cash=$1077.69 | positions=1 | value=$1038.79 | trades=0
[2026-02-11 08:51:06] [options-calls-eth] [INFO] Running: python3 scripts/check_options.py [covered_calls ETH]
[2026-02-11 08:51:08] [options-calls-eth] [INFO] Signal: BEARISH | ETH spot=$1951.65 | IV rank=66.1 | 1 actions
[2026-02-11 08:51:08] [options-calls-eth] [INFO] SELL OPTION ETH call strike=2200 exp=2026-03-04 | +$39.03
[2026-02-11 08:51:08] [options-calls-eth] [INFO] Status: cash=$1039.03 | positions=1 | value=$1000.00 | trades=1
[2026-02-11 09:01:34] [options-calls-eth] [INFO] Running: python3 scripts/check_options.py [covered_calls ETH]
[2026-02-11 09:01:35] [options-calls-eth] [INFO] stderr: Skipping sell call strike=2200.0: score=0.1 (overlapping strikes 0.0%; same expiry)

[2026-02-11 09:01:35] [options-calls-eth] [INFO] Signal: HOLD | ETH spot=$1951.41 | IV rank=66.1 | 0 actions
[2026-02-11 09:01:35] [options-calls-eth] [INFO] Status: cash=$1039.03 | positions=1 | value=$1000.00 | trades=0
[2026-02-11 09:03:28] [options-calls-eth] [INFO] Running: python3 scripts/check_options.py [covered_calls ETH]
[2026-02-11 09:03:29] [options-calls-eth] [INFO] Signal: BEARISH | ETH spot=$1952.13 | IV rank=66.1 | 1 actions
[2026-02-11 09:03:29] [options-calls-eth] [INFO] SELL OPTION ETH call strike=2200 exp=2026-03-04 | +$39.04
[2026-02-11 09:03:29] [options-calls-eth] [INFO] Status: cash=$1039.04 | positions=1 | value=$1000.00 | trades=1
