[2026-02-11 07:28:05] [pairs-btc] [INFO] Running: python3 check_strategy.py [pairs_spread BTC/USDT 1d]
[2026-02-11 07:28:06] [pairs-btc] [INFO] stderr: Fetching BTC/USDT 1d...

[2026-02-11 07:28:06] [pairs-btc] [INFO] Signal: HOLD | BTC/USDT @ $66916.86
[2026-02-11 07:28:06] [pairs-btc] [INFO] Status: cash=$1000.00 | positions=0 | value=$1000.00 | trades=0
[2026-02-11 07:28:41] [pairs-btc] [INFO] Running: python3 check_strategy.py [pairs_spread BTC/USDT 1d]
[2026-02-11 07:28:43] [pairs-btc] [INFO] stderr: Fetching BTC/USDT 1d...

[2026-02-11 07:28:43] [pairs-btc] [INFO] Signal: HOLD | BTC/USDT @ $66993.23
[2026-02-11 07:28:43] [pairs-btc] [INFO] Status: cash=$1000.00 | positions=0 | value=$1000.00 | trades=0
[2026-02-11 07:29:13] [pairs-btc] [INFO] Running: python3 check_strategy.py [pairs_spread BTC/USDT 1d]
[2026-02-11 07:29:15] [pairs-btc] [INFO] stderr: Fetching BTC/USDT 1d...

[2026-02-11 07:29:15] [pairs-btc] [INFO] Signal: HOLD | BTC/USDT @ $66993.23
[2026-02-11 07:29:15] [pairs-btc] [INFO] Status: cash=$1000.00 | positions=0 | value=$1000.00 | trades=0
[2026-02-11 07:39:25] [pairs-btc] [INFO] Running: python3 check_strategy.py [pairs_spread BTC/USDT 1d]
[2026-02-11 07:39:26] [pairs-btc] [INFO] stderr: Fetching BTC/USDT 1d...

[2026-02-11 07:39:26] [pairs-btc] [INFO] Signal: HOLD | BTC/USDT @ $67163.75
[2026-02-11 07:39:26] [pairs-btc] [INFO] Status: cash=$1000.00 | positions=0 | value=$1000.00 | trades=0
[2026-02-11 07:49:37] [pairs-btc] [INFO] Running: python3 check_strategy.py [pairs_spread BTC/USDT 1d]
[2026-02-11 07:49:38] [pairs-btc] [INFO] stderr: Fetching BTC/USDT 1d...

[2026-02-11 07:49:38] [pairs-btc] [INFO] Signal: HOLD | BTC/USDT @ $67156.21
[2026-02-11 07:49:38] [pairs-btc] [INFO] Status: cash=$1000.00 | positions=0 | value=$1000.00 | trades=0
[2026-02-11 07:58:22] [pairs-btc] [INFO] Running: python3 check_strategy.py [pairs_spread BTC/USDT 1d]
[2026-02-11 07:58:23] [pairs-btc] [INFO] stderr: Fetching BTC/USDT 1d...

[2026-02-11 07:58:23] [pairs-btc] [INFO] Signal: HOLD | BTC/USDT @ $67018.55
[2026-02-11 07:58:23] [pairs-btc] [INFO] Status: cash=$1000.00 | positions=0 | value=$1000.00 | trades=0
[2026-02-11 08:07:23] [pairs-btc] [INFO] Running: python3 check_strategy.py [pairs_spread BTC/USDT 1d]
[2026-02-11 08:07:24] [pairs-btc] [INFO] stderr: Fetching BTC/USDT 1d...

[2026-02-11 08:07:24] [pairs-btc] [INFO] Signal: HOLD | BTC/USDT @ $67020.51
[2026-02-11 08:07:24] [pairs-btc] [INFO] Status: cash=$1000.00 | positions=0 | value=$1000.00 | trades=0
[2026-02-11 08:09:17] [pairs-btc] [INFO] Running: python3 check_strategy.py [pairs_spread BTC/USDT 1d]
[2026-02-11 08:09:19] [pairs-btc] [INFO] stderr: Fetching BTC/USDT 1d...

[2026-02-11 08:09:19] [pairs-btc] [INFO] Signal: HOLD | BTC/USDT @ $66926.48
[2026-02-11 08:09:19] [pairs-btc] [INFO] Status: cash=$1000.00 | positions=0 | value=$1000.00 | trades=0
[2026-02-11 08:10:20] [pairs-btc] [INFO] Running: python3 check_strategy.py [pairs_spread BTC/USDT 1d]
[2026-02-11 08:10:21] [pairs-btc] [INFO] stderr: Fetching BTC/USDT 1d...

[2026-02-11 08:10:21] [pairs-btc] [INFO] Signal: HOLD | BTC/USDT @ $66852.63
[2026-02-11 08:10:21] [pairs-btc] [INFO] Status: cash=$1000.00 | positions=0 | value=$1000.00 | trades=0
[2026-02-11 08:11:53] [pairs-btc] [INFO] Running: python3 check_strategy.py [pairs_spread BTC/USDT 1d]
[2026-02-11 08:11:54] [pairs-btc] [INFO] stderr: Fetching BTC/USDT 1d...

[2026-02-11 08:11:54] [pairs-btc] [INFO] Signal: HOLD | BTC/USDT @ $66943.58
[2026-02-11 08:11:54] [pairs-btc] [INFO] Status: cash=$1000.00 | positions=0 | value=$1000.00 | trades=0
[2026-02-11 08:12:53] [pairs-btc] [INFO] Running: python3 check_strategy.py [pairs_spread BTC/USDT 1d]
[2026-02-11 08:12:54] [pairs-btc] [INFO] stderr: Fetching BTC/USDT 1d...

[2026-02-11 08:12:54] [pairs-btc] [INFO] Signal: HOLD | BTC/USDT @ $66976.49
[2026-02-11 08:12:54] [pairs-btc] [INFO] Status: cash=$1000.00 | positions=0 | value=$1000.00 | trades=0
[2026-02-11 08:18:18] [pairs-btc] [INFO] Running: python3 check_strategy.py [pairs_spread BTC/USDT 1d]
[2026-02-11 08:18:19] [pairs-btc] [INFO] stderr: Fetching BTC/USDT 1d...

[2026-02-11 08:18:19] [pairs-btc] [INFO] Signal: HOLD | BTC/USDT @ $66917.82
[2026-02-11 08:18:19] [pairs-btc] [INFO] Status: cash=$1000.00 | positions=0 | value=$1000.00 | trades=0
[2026-02-11 08:23:40] [pairs-btc] [INFO] Running: python3 check_strategy.py [pairs_spread BTC/USDT 1d]
[2026-02-11 08:23:42] [pairs-btc] [INFO] stderr: Fetching BTC/USDT 1d...

[2026-02-11 08:23:42] [pairs-btc] [INFO] Signal: HOLD | BTC/USDT @ $67079.00
[2026-02-11 08:23:42] [pairs-btc] [INFO] Status: cash=$1000.00 | positions=0 | value=$1000.00 | trades=0
[2026-02-11 08:32:31] [pairs-btc] [INFO] Running: python3 scripts/check_strategy.py [pairs_spread BTC/USDT 1d]
[2026-02-11 08:32:32] [pairs-btc] [INFO] stderr: Fetching BTC/USDT 1d...

[2026-02-11 08:32:32] [pairs-btc] [INFO] Signal: HOLD | BTC/USDT @ $67079.00
[2026-02-11 08:32:32] [pairs-btc] [INFO] Status: cash=$1000.00 | positions=0 | value=$1000.00 | trades=0
[2026-02-11 08:42:58] [pairs-btc] [INFO] Running: python3 scripts/check_strategy.py [pairs_spread BTC/USDT 1d]
[2026-02-11 08:42:59] [pairs-btc] [INFO] stderr: Fetching BTC/USDT 1d...

[2026-02-11 08:42:59] [pairs-btc] [INFO] Signal: HOLD | BTC/USDT @ $66995.40
[2026-02-11 08:42:59] [pairs-btc] [INFO] Status: cash=$1000.00 | positions=0 | value=$1000.00 | trades=0
[2026-02-11 08:50:43] [pairs-btc] [INFO] Running: python3 scripts/check_strategy.py [pairs_spread BTC/USDT 1d]
[2026-02-11 08:50:44] [pairs-btc] [INFO] stderr: Fetching BTC/USDT 1d...

[2026-02-11 08:50:44] [pairs-btc] [INFO] Signal: HOLD | BTC/USDT @ $67026.29
[2026-02-11 08:50:44] [pairs-btc] [INFO] Status: cash=$1000.00 | positions=0 | value=$1000.00 | trades=0
[2026-02-11 09:01:13] [pairs-btc] [INFO] Running: python3 scripts/check_strategy.py [pairs_spread BTC/USDT 1d]
[2026-02-11 09:01:14] [pairs-btc] [INFO] stderr: Fetching BTC/USDT 1d...

[2026-02-11 09:01:14] [pairs-btc] [INFO] Signal: HOLD | BTC/USDT @ $67012.69
[2026-02-11 09:01:14] [pairs-btc] [INFO] Status: cash=$1000.00 | positions=0 | value=$1000.00 | trades=0
[2026-02-11 09:03:03] [pairs-btc] [INFO] Running: python3 scripts/check_strategy.py [pairs_spread BTC/USDT 1d]
[2026-02-11 09:03:04] [pairs-btc] [INFO] stderr: Fetching BTC/USDT 1d...

[2026-02-11 09:03:04] [pairs-btc] [INFO] Signal: HOLD | BTC/USDT @ $67040.22
[2026-02-11 09:03:04] [pairs-btc] [INFO] Status: cash=$1000.00 | positions=0 | value=$1000.00 | trades=0
[2026-02-11 09:08:34] [pairs-btc] [INFO] Running: python3 scripts/check_strategy.py [pairs_spread BTC/USDT 1d]
[2026-02-11 09:08:36] [pairs-btc] [INFO] stderr: Fetching BTC/USDT 1d...

[2026-02-11 09:08:36] [pairs-btc] [INFO] Signal: HOLD | BTC/USDT @ $66916.79
[2026-02-11 09:08:36] [pairs-btc] [INFO] Status: cash=$1000.00 | positions=0 | value=$1000.00 | trades=0
[2026-02-11 09:13:54] [pairs-btc] [INFO] Running: python3 scripts/check_strategy.py [pairs_spread BTC/USDT 1d]
[2026-02-11 09:13:55] [pairs-btc] [INFO] stderr: Fetching BTC/USDT 1d...

[2026-02-11 09:13:55] [pairs-btc] [INFO] Signal: HOLD | BTC/USDT @ $66872.87
[2026-02-11 09:13:55] [pairs-btc] [INFO] Status: cash=$1000.00 | positions=0 | value=$1000.00 | trades=0
[2026-02-11 09:19:13] [pairs-btc] [INFO] Running: python3 scripts/check_strategy.py [pairs_spread BTC/USDT 1d]
[2026-02-11 09:19:14] [pairs-btc] [INFO] stderr: Fetching BTC/USDT 1d...

[2026-02-11 09:19:14] [pairs-btc] [INFO] Signal: HOLD | BTC/USDT @ $66872.87
[2026-02-11 09:19:14] [pairs-btc] [INFO] Status: cash=$1000.00 | positions=0 | value=$1000.00 | trades=0
[2026-02-11 09:22:52] [pairs-btc] [INFO] Running: python3 scripts/check_strategy.py [pairs_spread BTC/USDT 1d]
[2026-02-11 09:22:53] [pairs-btc] [INFO] stderr: Fetching BTC/USDT 1d...

[2026-02-11 09:22:53] [pairs-btc] [INFO] Signal: HOLD | BTC/USDT @ $66872.87
[2026-02-11 09:22:53] [pairs-btc] [INFO] Status: cash=$1000.00 | positions=0 | value=$1000.00 | trades=0
[2026-02-11 09:28:23] [pairs-btc] [INFO] Running: python3 scripts/check_strategy.py [pairs_spread BTC/USDT 1d]
[2026-02-11 09:28:24] [pairs-btc] [INFO] stderr: Fetching BTC/USDT 1d...

[2026-02-11 09:28:24] [pairs-btc] [INFO] Signal: HOLD | BTC/USDT @ $66872.87
[2026-02-11 09:28:24] [pairs-btc] [INFO] Status: cash=$1000.00 | positions=0 | value=$1000.00 | trades=0
[2026-02-11 09:28:42] [pairs-btc] [INFO] Running: python3 scripts/check_strategy.py [pairs_spread BTC/USDT 1d]
[2026-02-11 09:28:43] [pairs-btc] [INFO] stderr: Fetching BTC/USDT 1d...

[2026-02-11 09:28:43] [pairs-btc] [INFO] Signal: HOLD | BTC/USDT @ $66872.87
[2026-02-11 09:28:43] [pairs-btc] [INFO] Status: cash=$1000.00 | positions=0 | value=$1000.00 | trades=0
