[2026-02-11 08:09:19] [pairs-eth] [INFO] Running: python3 check_strategy.py [pairs_spread ETH/USDT 1d]
[2026-02-11 08:09:20] [pairs-eth] [INFO] stderr: Fetching ETH/USDT 1d...

[2026-02-11 08:09:20] [pairs-eth] [INFO] Signal: HOLD | ETH/USDT @ $1942.08
[2026-02-11 08:09:20] [pairs-eth] [INFO] Status: cash=$1000.00 | positions=0 | value=$1000.00 | trades=0
[2026-02-11 08:10:21] [pairs-eth] [INFO] Running: python3 check_strategy.py [pairs_spread ETH/USDT 1d]
[2026-02-11 08:10:23] [pairs-eth] [INFO] stderr: Fetching ETH/USDT 1d...

[2026-02-11 08:10:23] [pairs-eth] [INFO] Signal: HOLD | ETH/USDT @ $1939.67
[2026-02-11 08:10:23] [pairs-eth] [INFO] Status: cash=$1000.00 | positions=0 | value=$1000.00 | trades=0
[2026-02-11 08:11:54] [pairs-eth] [INFO] Running: python3 check_strategy.py [pairs_spread ETH/USDT 1d]
[2026-02-11 08:11:55] [pairs-eth] [INFO] stderr: Fetching ETH/USDT 1d...

[2026-02-11 08:11:55] [pairs-eth] [INFO] Signal: HOLD | ETH/USDT @ $1939.67
[2026-02-11 08:11:55] [pairs-eth] [INFO] Status: cash=$1000.00 | positions=0 | value=$1000.00 | trades=0
[2026-02-11 08:12:54] [pairs-eth] [INFO] Running: python3 check_strategy.py [pairs_spread ETH/USDT 1d]
[2026-02-11 08:12:56] [pairs-eth] [INFO] stderr: Fetching ETH/USDT 1d...

[2026-02-11 08:12:56] [pairs-eth] [INFO] Signal: HOLD | ETH/USDT @ $1939.67
[2026-02-11 08:12:56] [pairs-eth] [INFO] Status: cash=$1000.00 | positions=0 | value=$1000.00 | trades=0
[2026-02-11 08:18:19] [pairs-eth] [INFO] Running: python3 check_strategy.py [pairs_spread ETH/USDT 1d]
[2026-02-11 08:18:20] [pairs-eth] [INFO] stderr: Fetching ETH/USDT 1d...

[2026-02-11 08:18:20] [pairs-eth] [INFO] Signal: HOLD | ETH/USDT @ $1944.99
[2026-02-11 08:18:20] [pairs-eth] [INFO] Status: cash=$1000.00 | positions=0 | value=$1000.00 | trades=0
[2026-02-11 08:23:42] [pairs-eth] [INFO] Running: python3 check_strategy.py [pairs_spread ETH/USDT 1d]
[2026-02-11 08:23:43] [pairs-eth] [INFO] stderr: Fetching ETH/USDT 1d...

[2026-02-11 08:23:43] [pairs-eth] [INFO] Signal: HOLD | ETH/USDT @ $1948.23
[2026-02-11 08:23:43] [pairs-eth] [INFO] Status: cash=$1000.00 | positions=0 | value=$1000.00 | trades=0
[2026-02-11 08:32:32] [pairs-eth] [INFO] Running: python3 scripts/check_strategy.py [pairs_spread ETH/USDT 1d]
[2026-02-11 08:32:34] [pairs-eth] [INFO] stderr: Fetching ETH/USDT 1d...

[2026-02-11 08:32:34] [pairs-eth] [INFO] Signal: HOLD | ETH/USDT @ $1946.45
[2026-02-11 08:32:34] [pairs-eth] [INFO] Status: cash=$1000.00 | positions=0 | value=$1000.00 | trades=0
