[2026-02-11 08:07:28] [rsi-btc] [INFO] Running: python3 check_strategy.py [rsi BTC/USDT 1h]
[2026-02-11 08:07:30] [rsi-btc] [INFO] stderr: Fetching BTC/USDT 1h...

[2026-02-11 08:07:30] [rsi-btc] [INFO] Signal: HOLD | BTC/USDT @ $67020.51
[2026-02-11 08:07:30] [rsi-btc] [INFO] Status: cash=$1000.00 | positions=0 | value=$1000.00 | trades=0
[2026-02-11 08:09:26] [rsi-btc] [INFO] Running: python3 check_strategy.py [rsi BTC/USDT 1h]
[2026-02-11 08:09:27] [rsi-btc] [INFO] stderr: Fetching BTC/USDT 1h...

[2026-02-11 08:09:27] [rsi-btc] [INFO] Signal: HOLD | BTC/USDT @ $66926.48
[2026-02-11 08:09:27] [rsi-btc] [INFO] Status: cash=$1000.00 | positions=0 | value=$1000.00 | trades=0
[2026-02-11 08:10:29] [rsi-btc] [INFO] Running: python3 check_strategy.py [rsi BTC/USDT 1h]
[2026-02-11 08:10:30] [rsi-btc] [INFO] stderr: Fetching BTC/USDT 1h...

[2026-02-11 08:10:30] [rsi-btc] [INFO] Signal: HOLD | BTC/USDT @ $66852.63
[2026-02-11 08:10:30] [rsi-btc] [INFO] Status: cash=$1000.00 | positions=0 | value=$1000.00 | trades=0
[2026-02-11 08:12:00] [rsi-btc] [INFO] Running: python3 check_strategy.py [rsi BTC/USDT 1h]
[2026-02-11 08:12:01] [rsi-btc] [INFO] stderr: Fetching BTC/USDT 1h...

[2026-02-11 08:12:01] [rsi-btc] [INFO] Signal: HOLD | BTC/USDT @ $66943.58
[2026-02-11 08:12:01] [rsi-btc] [INFO] Status: cash=$1000.00 | positions=0 | value=$1000.00 | trades=0
[2026-02-11 08:13:01] [rsi-btc] [INFO] Running: python3 check_strategy.py [rsi BTC/USDT 1h]
[2026-02-11 08:13:03] [rsi-btc] [INFO] stderr: Fetching BTC/USDT 1h...

[2026-02-11 08:13:03] [rsi-btc] [INFO] Signal: HOLD | BTC/USDT @ $66976.49
[2026-02-11 08:13:03] [rsi-btc] [INFO] Status: cash=$1000.00 | positions=0 | value=$1000.00 | trades=0
[2026-02-11 08:18:25] [rsi-btc] [INFO] Running: python3 check_strategy.py [rsi BTC/USDT 1h]
[2026-02-11 08:18:27] [rsi-btc] [INFO] stderr: Fetching BTC/USDT 1h...

[2026-02-11 08:18:27] [rsi-btc] [INFO] Signal: HOLD | BTC/USDT @ $66917.82
[2026-02-11 08:18:27] [rsi-btc] [INFO] Status: cash=$1000.00 | positions=0 | value=$1000.00 | trades=0
[2026-02-11 08:23:48] [rsi-btc] [INFO] Running: python3 check_strategy.py [rsi BTC/USDT 1h]
[2026-02-11 08:23:49] [rsi-btc] [INFO] stderr: Fetching BTC/USDT 1h...

[2026-02-11 08:23:49] [rsi-btc] [INFO] Signal: HOLD | BTC/USDT @ $67079.00
[2026-02-11 08:23:49] [rsi-btc] [INFO] Status: cash=$1000.00 | positions=0 | value=$1000.00 | trades=0
[2026-02-11 08:32:39] [rsi-btc] [INFO] Running: python3 scripts/check_strategy.py [rsi BTC/USDT 1h]
[2026-02-11 08:32:41] [rsi-btc] [INFO] stderr: Fetching BTC/USDT 1h...

[2026-02-11 08:32:41] [rsi-btc] [INFO] Signal: HOLD | BTC/USDT @ $67079.00
[2026-02-11 08:32:41] [rsi-btc] [INFO] Status: cash=$1000.00 | positions=0 | value=$1000.00 | trades=0
[2026-02-11 08:43:06] [rsi-btc] [INFO] Running: python3 scripts/check_strategy.py [rsi BTC/USDT 1h]
[2026-02-11 08:43:07] [rsi-btc] [INFO] stderr: Fetching BTC/USDT 1h...

[2026-02-11 08:43:07] [rsi-btc] [INFO] Signal: HOLD | BTC/USDT @ $66995.40
[2026-02-11 08:43:07] [rsi-btc] [INFO] Status: cash=$1000.00 | positions=0 | value=$1000.00 | trades=0
[2026-02-11 08:50:50] [rsi-btc] [INFO] Running: python3 scripts/check_strategy.py [rsi BTC/USDT 1h]
[2026-02-11 08:50:51] [rsi-btc] [INFO] stderr: Fetching BTC/USDT 1h...

[2026-02-11 08:50:51] [rsi-btc] [INFO] Signal: HOLD | BTC/USDT @ $67026.29
[2026-02-11 08:50:51] [rsi-btc] [INFO] Status: cash=$1000.00 | positions=0 | value=$1000.00 | trades=0
[2026-02-11 09:01:20] [rsi-btc] [INFO] Running: python3 scripts/check_strategy.py [rsi BTC/USDT 1h]
[2026-02-11 09:01:22] [rsi-btc] [INFO] stderr: Fetching BTC/USDT 1h...

[2026-02-11 09:01:22] [rsi-btc] [INFO] Signal: HOLD | BTC/USDT @ $67012.69
[2026-02-11 09:01:22] [rsi-btc] [INFO] Status: cash=$1000.00 | positions=0 | value=$1000.00 | trades=0
[2026-02-11 09:03:11] [rsi-btc] [INFO] Running: python3 scripts/check_strategy.py [rsi BTC/USDT 1h]
[2026-02-11 09:03:13] [rsi-btc] [INFO] stderr: Fetching BTC/USDT 1h...

[2026-02-11 09:03:13] [rsi-btc] [INFO] Signal: HOLD | BTC/USDT @ $67040.22
[2026-02-11 09:03:13] [rsi-btc] [INFO] Status: cash=$1000.00 | positions=0 | value=$1000.00 | trades=0
[2026-02-11 09:08:43] [rsi-btc] [INFO] Running: python3 scripts/check_strategy.py [rsi BTC/USDT 1h]
[2026-02-11 09:08:44] [rsi-btc] [INFO] stderr: Fetching BTC/USDT 1h...

[2026-02-11 09:08:44] [rsi-btc] [INFO] Signal: HOLD | BTC/USDT @ $66916.79
[2026-02-11 09:08:44] [rsi-btc] [INFO] Status: cash=$1000.00 | positions=0 | value=$1000.00 | trades=0
[2026-02-11 09:14:01] [rsi-btc] [INFO] Running: python3 scripts/check_strategy.py [rsi BTC/USDT 1h]
[2026-02-11 09:14:02] [rsi-btc] [INFO] stderr: Fetching BTC/USDT 1h...

[2026-02-11 09:14:02] [rsi-btc] [INFO] Signal: HOLD | BTC/USDT @ $66872.87
[2026-02-11 09:14:02] [rsi-btc] [INFO] Status: cash=$1000.00 | positions=0 | value=$1000.00 | trades=0
[2026-02-11 09:19:21] [rsi-btc] [INFO] Running: python3 scripts/check_strategy.py [rsi BTC/USDT 1h]
[2026-02-11 09:19:22] [rsi-btc] [INFO] stderr: Fetching BTC/USDT 1h...

[2026-02-11 09:19:22] [rsi-btc] [INFO] Signal: HOLD | BTC/USDT @ $66872.87
[2026-02-11 09:19:22] [rsi-btc] [INFO] Status: cash=$1000.00 | positions=0 | value=$1000.00 | trades=0
[2026-02-11 09:22:59] [rsi-btc] [INFO] Running: python3 scripts/check_strategy.py [rsi BTC/USDT 1h]
[2026-02-11 09:23:00] [rsi-btc] [INFO] stderr: Fetching BTC/USDT 1h...

[2026-02-11 09:23:00] [rsi-btc] [INFO] Signal: HOLD | BTC/USDT @ $66872.87
[2026-02-11 09:23:00] [rsi-btc] [INFO] Status: cash=$1000.00 | positions=0 | value=$1000.00 | trades=0
[2026-02-11 09:28:31] [rsi-btc] [INFO] Running: python3 scripts/check_strategy.py [rsi BTC/USDT 1h]
[2026-02-11 09:28:32] [rsi-btc] [INFO] stderr: Fetching BTC/USDT 1h...

[2026-02-11 09:28:32] [rsi-btc] [INFO] Signal: HOLD | BTC/USDT @ $66872.87
[2026-02-11 09:28:32] [rsi-btc] [INFO] Status: cash=$1000.00 | positions=0 | value=$1000.00 | trades=0
[2026-02-11 09:28:49] [rsi-btc] [INFO] Running: python3 scripts/check_strategy.py [rsi BTC/USDT 1h]
[2026-02-11 09:28:51] [rsi-btc] [INFO] stderr: Fetching BTC/USDT 1h...

[2026-02-11 09:28:51] [rsi-btc] [INFO] Signal: HOLD | BTC/USDT @ $66872.87
[2026-02-11 09:28:51] [rsi-btc] [INFO] Status: cash=$1000.00 | positions=0 | value=$1000.00 | trades=0
