[2026-02-11 08:07:31] [rsi-eth] [INFO] Running: python3 check_strategy.py [rsi ETH/USDT 1h]
[2026-02-11 08:07:33] [rsi-eth] [INFO] stderr: Fetching ETH/USDT 1h...

[2026-02-11 08:07:33] [rsi-eth] [INFO] Signal: HOLD | ETH/USDT @ $1951.04
[2026-02-11 08:07:33] [rsi-eth] [INFO] Status: cash=$1000.00 | positions=0 | value=$1000.00 | trades=0
[2026-02-11 08:09:28] [rsi-eth] [INFO] Running: python3 check_strategy.py [rsi ETH/USDT 1h]
[2026-02-11 08:09:29] [rsi-eth] [INFO] stderr: Fetching ETH/USDT 1h...

[2026-02-11 08:09:29] [rsi-eth] [INFO] Signal: HOLD | ETH/USDT @ $1942.08
[2026-02-11 08:09:29] [rsi-eth] [INFO] Status: cash=$1000.00 | positions=0 | value=$1000.00 | trades=0
[2026-02-11 08:10:32] [rsi-eth] [INFO] Running: python3 check_strategy.py [rsi ETH/USDT 1h]
[2026-02-11 08:10:33] [rsi-eth] [INFO] stderr: Fetching ETH/USDT 1h...

[2026-02-11 08:10:33] [rsi-eth] [INFO] Signal: HOLD | ETH/USDT @ $1939.67
[2026-02-11 08:10:33] [rsi-eth] [INFO] Status: cash=$1000.00 | positions=0 | value=$1000.00 | trades=0
[2026-02-11 08:12:02] [rsi-eth] [INFO] Running: python3 check_strategy.py [rsi ETH/USDT 1h]
[2026-02-11 08:12:04] [rsi-eth] [INFO] stderr: Fetching ETH/USDT 1h...

[2026-02-11 08:12:04] [rsi-eth] [INFO] Signal: HOLD | ETH/USDT @ $1939.67
[2026-02-11 08:12:04] [rsi-eth] [INFO] Status: cash=$1000.00 | positions=0 | value=$1000.00 | trades=0
[2026-02-11 08:13:04] [rsi-eth] [INFO] Running: python3 check_strategy.py [rsi ETH/USDT 1h]
[2026-02-11 08:13:05] [rsi-eth] [INFO] stderr: Fetching ETH/USDT 1h...

[2026-02-11 08:13:05] [rsi-eth] [INFO] Signal: HOLD | ETH/USDT @ $1939.67
[2026-02-11 08:13:05] [rsi-eth] [INFO] Status: cash=$1000.00 | positions=0 | value=$1000.00 | trades=0
[2026-02-11 08:18:28] [rsi-eth] [INFO] Running: python3 check_strategy.py [rsi ETH/USDT 1h]
[2026-02-11 08:18:29] [rsi-eth] [INFO] stderr: Fetching ETH/USDT 1h...

[2026-02-11 08:18:29] [rsi-eth] [INFO] Signal: HOLD | ETH/USDT @ $1944.99
[2026-02-11 08:18:29] [rsi-eth] [INFO] Status: cash=$1000.00 | positions=0 | value=$1000.00 | trades=0
[2026-02-11 08:23:51] [rsi-eth] [INFO] Running: python3 check_strategy.py [rsi ETH/USDT 1h]
[2026-02-11 08:23:52] [rsi-eth] [INFO] stderr: Fetching ETH/USDT 1h...

[2026-02-11 08:23:52] [rsi-eth] [INFO] Signal: HOLD | ETH/USDT @ $1948.23
[2026-02-11 08:23:52] [rsi-eth] [INFO] Status: cash=$1000.00 | positions=0 | value=$1000.00 | trades=0
[2026-02-11 08:32:42] [rsi-eth] [INFO] Running: python3 scripts/check_strategy.py [rsi ETH/USDT 1h]
[2026-02-11 08:32:43] [rsi-eth] [INFO] stderr: Fetching ETH/USDT 1h...

[2026-02-11 08:32:43] [rsi-eth] [INFO] Signal: HOLD | ETH/USDT @ $1946.45
[2026-02-11 08:32:43] [rsi-eth] [INFO] Status: cash=$1000.00 | positions=0 | value=$1000.00 | trades=0
