[2026-02-11 07:28:06] [volweight-sol] [INFO] Running: python3 check_strategy.py [volume_weighted SOL/USDT 1h]
[2026-02-11 07:28:08] [volweight-sol] [INFO] stderr: Fetching SOL/USDT 1h...

[2026-02-11 07:28:08] [volweight-sol] [INFO] Signal: HOLD | SOL/USDT @ $80.37
[2026-02-11 07:28:08] [volweight-sol] [INFO] Status: cash=$1000.00 | positions=0 | value=$1000.00 | trades=0
[2026-02-11 07:28:43] [volweight-sol] [INFO] Running: python3 check_strategy.py [volume_weighted SOL/USDT 1h]
[2026-02-11 07:28:44] [volweight-sol] [INFO] stderr: Fetching SOL/USDT 1h...

[2026-02-11 07:28:44] [volweight-sol] [INFO] Signal: HOLD | SOL/USDT @ $80.37
[2026-02-11 07:28:44] [volweight-sol] [INFO] Status: cash=$1000.00 | positions=0 | value=$1000.00 | trades=0
[2026-02-11 07:29:15] [volweight-sol] [INFO] Running: python3 check_strategy.py [volume_weighted SOL/USDT 1h]
[2026-02-11 07:29:16] [volweight-sol] [INFO] stderr: Fetching SOL/USDT 1h...

[2026-02-11 07:29:16] [volweight-sol] [INFO] Signal: HOLD | SOL/USDT @ $80.37
[2026-02-11 07:29:16] [volweight-sol] [INFO] Status: cash=$1000.00 | positions=0 | value=$1000.00 | trades=0
[2026-02-11 07:39:26] [volweight-sol] [INFO] Running: python3 check_strategy.py [volume_weighted SOL/USDT 1h]
[2026-02-11 07:39:28] [volweight-sol] [INFO] stderr: Fetching SOL/USDT 1h...

[2026-02-11 07:39:28] [volweight-sol] [INFO] Signal: HOLD | SOL/USDT @ $81.12
[2026-02-11 07:39:28] [volweight-sol] [INFO] Status: cash=$1000.00 | positions=0 | value=$1000.00 | trades=0
[2026-02-11 07:49:38] [volweight-sol] [INFO] Running: python3 check_strategy.py [volume_weighted SOL/USDT 1h]
[2026-02-11 07:49:39] [volweight-sol] [INFO] stderr: Fetching SOL/USDT 1h...

[2026-02-11 07:49:39] [volweight-sol] [INFO] Signal: HOLD | SOL/USDT @ $81.18
[2026-02-11 07:49:39] [volweight-sol] [INFO] Status: cash=$1000.00 | positions=0 | value=$1000.00 | trades=0
[2026-02-11 07:58:23] [volweight-sol] [INFO] Running: python3 check_strategy.py [volume_weighted SOL/USDT 1h]
[2026-02-11 07:58:25] [volweight-sol] [INFO] stderr: Fetching SOL/USDT 1h...

[2026-02-11 07:58:25] [volweight-sol] [INFO] Signal: HOLD | SOL/USDT @ $81.35
[2026-02-11 07:58:25] [volweight-sol] [INFO] Status: cash=$1000.00 | positions=0 | value=$1000.00 | trades=0
[2026-02-11 08:07:26] [volweight-sol] [INFO] Running: python3 check_strategy.py [volume_weighted SOL/USDT 1h]
[2026-02-11 08:07:27] [volweight-sol] [INFO] stderr: Fetching SOL/USDT 1h...

[2026-02-11 08:07:27] [volweight-sol] [INFO] Signal: HOLD | SOL/USDT @ $80.95
[2026-02-11 08:07:27] [volweight-sol] [INFO] Status: cash=$1000.00 | positions=0 | value=$1000.00 | trades=0
[2026-02-11 08:09:23] [volweight-sol] [INFO] Running: python3 check_strategy.py [volume_weighted SOL/USDT 1h]
[2026-02-11 08:09:24] [volweight-sol] [INFO] stderr: Fetching SOL/USDT 1h...

[2026-02-11 08:09:24] [volweight-sol] [INFO] Signal: HOLD | SOL/USDT @ $80.95
[2026-02-11 08:09:24] [volweight-sol] [INFO] Status: cash=$1000.00 | positions=0 | value=$1000.00 | trades=0
[2026-02-11 08:10:26] [volweight-sol] [INFO] Running: python3 check_strategy.py [volume_weighted SOL/USDT 1h]
[2026-02-11 08:10:27] [volweight-sol] [INFO] stderr: Fetching SOL/USDT 1h...

[2026-02-11 08:10:27] [volweight-sol] [INFO] Signal: HOLD | SOL/USDT @ $80.95
[2026-02-11 08:10:27] [volweight-sol] [INFO] Status: cash=$1000.00 | positions=0 | value=$1000.00 | trades=0
[2026-02-11 08:11:58] [volweight-sol] [INFO] Running: python3 check_strategy.py [volume_weighted SOL/USDT 1h]
[2026-02-11 08:11:59] [volweight-sol] [INFO] stderr: Fetching SOL/USDT 1h...

[2026-02-11 08:11:59] [volweight-sol] [INFO] Signal: HOLD | SOL/USDT @ $80.95
[2026-02-11 08:11:59] [volweight-sol] [INFO] Status: cash=$1000.00 | positions=0 | value=$1000.00 | trades=0
[2026-02-11 08:12:58] [volweight-sol] [INFO] Running: python3 check_strategy.py [volume_weighted SOL/USDT 1h]
[2026-02-11 08:13:00] [volweight-sol] [INFO] stderr: Fetching SOL/USDT 1h...

[2026-02-11 08:13:00] [volweight-sol] [INFO] Signal: HOLD | SOL/USDT @ $80.95
[2026-02-11 08:13:00] [volweight-sol] [INFO] Status: cash=$1000.00 | positions=0 | value=$1000.00 | trades=0
[2026-02-11 08:18:23] [volweight-sol] [INFO] Running: python3 check_strategy.py [volume_weighted SOL/USDT 1h]
[2026-02-11 08:18:24] [volweight-sol] [INFO] stderr: Fetching SOL/USDT 1h...

[2026-02-11 08:18:24] [volweight-sol] [INFO] Signal: HOLD | SOL/USDT @ $80.95
[2026-02-11 08:18:24] [volweight-sol] [INFO] Status: cash=$1000.00 | positions=0 | value=$1000.00 | trades=0
[2026-02-11 08:23:46] [volweight-sol] [INFO] Running: python3 check_strategy.py [volume_weighted SOL/USDT 1h]
[2026-02-11 08:23:47] [volweight-sol] [INFO] stderr: Fetching SOL/USDT 1h...

[2026-02-11 08:23:47] [volweight-sol] [INFO] Signal: HOLD | SOL/USDT @ $80.95
[2026-02-11 08:23:47] [volweight-sol] [INFO] Status: cash=$1000.00 | positions=0 | value=$1000.00 | trades=0
[2026-02-11 08:32:37] [volweight-sol] [INFO] Running: python3 scripts/check_strategy.py [volume_weighted SOL/USDT 1h]
[2026-02-11 08:32:38] [volweight-sol] [INFO] stderr: Fetching SOL/USDT 1h...

[2026-02-11 08:32:38] [volweight-sol] [INFO] Signal: HOLD | SOL/USDT @ $80.95
[2026-02-11 08:32:38] [volweight-sol] [INFO] Status: cash=$1000.00 | positions=0 | value=$1000.00 | trades=0
[2026-02-11 08:43:03] [volweight-sol] [INFO] Running: python3 scripts/check_strategy.py [volume_weighted SOL/USDT 1h]
[2026-02-11 08:43:05] [volweight-sol] [INFO] stderr: Fetching SOL/USDT 1h...

[2026-02-11 08:43:05] [volweight-sol] [INFO] Signal: HOLD | SOL/USDT @ $81.03
[2026-02-11 08:43:05] [volweight-sol] [INFO] Status: cash=$1000.00 | positions=0 | value=$1000.00 | trades=0
[2026-02-11 08:50:48] [volweight-sol] [INFO] Running: python3 scripts/check_strategy.py [volume_weighted SOL/USDT 1h]
[2026-02-11 08:50:49] [volweight-sol] [INFO] stderr: Fetching SOL/USDT 1h...

[2026-02-11 08:50:49] [volweight-sol] [INFO] Signal: HOLD | SOL/USDT @ $81.03
[2026-02-11 08:50:49] [volweight-sol] [INFO] Status: cash=$1000.00 | positions=0 | value=$1000.00 | trades=0
[2026-02-11 09:01:18] [volweight-sol] [INFO] Running: python3 scripts/check_strategy.py [volume_weighted SOL/USDT 1h]
[2026-02-11 09:01:19] [volweight-sol] [INFO] stderr: Fetching SOL/USDT 1h...

[2026-02-11 09:01:19] [volweight-sol] [INFO] Signal: HOLD | SOL/USDT @ $80.96
[2026-02-11 09:01:19] [volweight-sol] [INFO] Status: cash=$1000.00 | positions=0 | value=$1000.00 | trades=0
[2026-02-11 09:03:08] [volweight-sol] [INFO] Running: python3 scripts/check_strategy.py [volume_weighted SOL/USDT 1h]
[2026-02-11 09:03:10] [volweight-sol] [INFO] stderr: Fetching SOL/USDT 1h...

[2026-02-11 09:03:10] [volweight-sol] [INFO] Signal: HOLD | SOL/USDT @ $81.20
[2026-02-11 09:03:10] [volweight-sol] [INFO] Status: cash=$1000.00 | positions=0 | value=$1000.00 | trades=0
[2026-02-11 09:08:40] [volweight-sol] [INFO] Running: python3 scripts/check_strategy.py [volume_weighted SOL/USDT 1h]
[2026-02-11 09:08:41] [volweight-sol] [INFO] stderr: Fetching SOL/USDT 1h...

[2026-02-11 09:08:41] [volweight-sol] [INFO] Signal: HOLD | SOL/USDT @ $81.20
[2026-02-11 09:08:41] [volweight-sol] [INFO] Status: cash=$1000.00 | positions=0 | value=$1000.00 | trades=0
[2026-02-11 09:13:59] [volweight-sol] [INFO] Running: python3 scripts/check_strategy.py [volume_weighted SOL/USDT 1h]
[2026-02-11 09:14:00] [volweight-sol] [INFO] stderr: Fetching SOL/USDT 1h...

[2026-02-11 09:14:00] [volweight-sol] [INFO] Signal: HOLD | SOL/USDT @ $81.20
[2026-02-11 09:14:00] [volweight-sol] [INFO] Status: cash=$1000.00 | positions=0 | value=$1000.00 | trades=0
[2026-02-11 09:19:18] [volweight-sol] [INFO] Running: python3 scripts/check_strategy.py [volume_weighted SOL/USDT 1h]
[2026-02-11 09:19:19] [volweight-sol] [INFO] stderr: Fetching SOL/USDT 1h...

[2026-02-11 09:19:19] [volweight-sol] [INFO] Signal: HOLD | SOL/USDT @ $81.20
[2026-02-11 09:19:19] [volweight-sol] [INFO] Status: cash=$1000.00 | positions=0 | value=$1000.00 | trades=0
[2026-02-11 09:22:57] [volweight-sol] [INFO] Running: python3 scripts/check_strategy.py [volume_weighted SOL/USDT 1h]
[2026-02-11 09:22:58] [volweight-sol] [INFO] stderr: Fetching SOL/USDT 1h...

[2026-02-11 09:22:58] [volweight-sol] [INFO] Signal: HOLD | SOL/USDT @ $81.20
[2026-02-11 09:22:58] [volweight-sol] [INFO] Status: cash=$1000.00 | positions=0 | value=$1000.00 | trades=0
[2026-02-11 09:28:29] [volweight-sol] [INFO] Running: python3 scripts/check_strategy.py [volume_weighted SOL/USDT 1h]
[2026-02-11 09:28:30] [volweight-sol] [INFO] stderr: Fetching SOL/USDT 1h...

[2026-02-11 09:28:30] [volweight-sol] [INFO] Signal: HOLD | SOL/USDT @ $80.98
[2026-02-11 09:28:30] [volweight-sol] [INFO] Status: cash=$1000.00 | positions=0 | value=$1000.00 | trades=0
[2026-02-11 09:28:47] [volweight-sol] [INFO] Running: python3 scripts/check_strategy.py [volume_weighted SOL/USDT 1h]
[2026-02-11 09:28:48] [volweight-sol] [INFO] stderr: Fetching SOL/USDT 1h...

[2026-02-11 09:28:48] [volweight-sol] [INFO] Signal: HOLD | SOL/USDT @ $80.98
[2026-02-11 09:28:48] [volweight-sol] [INFO] Status: cash=$1000.00 | positions=0 | value=$1000.00 | trades=0
