[2026-02-11 08:07:24] [volweight-btc] [INFO] Running: python3 check_strategy.py [volume_weighted BTC/USDT 1h]
[2026-02-11 08:07:26] [volweight-btc] [INFO] stderr: Fetching BTC/USDT 1h...

[2026-02-11 08:07:26] [volweight-btc] [INFO] Signal: HOLD | BTC/USDT @ $67020.51
[2026-02-11 08:07:26] [volweight-btc] [INFO] Status: cash=$1000.00 | positions=0 | value=$1000.00 | trades=0
[2026-02-11 08:09:22] [volweight-btc] [INFO] Running: python3 check_strategy.py [volume_weighted BTC/USDT 1h]
[2026-02-11 08:09:23] [volweight-btc] [INFO] stderr: Fetching BTC/USDT 1h...

[2026-02-11 08:09:23] [volweight-btc] [INFO] Signal: HOLD | BTC/USDT @ $66926.48
[2026-02-11 08:09:23] [volweight-btc] [INFO] Status: cash=$1000.00 | positions=0 | value=$1000.00 | trades=0
[2026-02-11 08:10:24] [volweight-btc] [INFO] Running: python3 check_strategy.py [volume_weighted BTC/USDT 1h]
[2026-02-11 08:10:26] [volweight-btc] [INFO] stderr: Fetching BTC/USDT 1h...

[2026-02-11 08:10:26] [volweight-btc] [INFO] Signal: HOLD | BTC/USDT @ $66852.63
[2026-02-11 08:10:26] [volweight-btc] [INFO] Status: cash=$1000.00 | positions=0 | value=$1000.00 | trades=0
[2026-02-11 08:11:56] [volweight-btc] [INFO] Running: python3 check_strategy.py [volume_weighted BTC/USDT 1h]
[2026-02-11 08:11:58] [volweight-btc] [INFO] stderr: Fetching BTC/USDT 1h...

[2026-02-11 08:11:58] [volweight-btc] [INFO] Signal: HOLD | BTC/USDT @ $66943.58
[2026-02-11 08:11:58] [volweight-btc] [INFO] Status: cash=$1000.00 | positions=0 | value=$1000.00 | trades=0
[2026-02-11 08:12:57] [volweight-btc] [INFO] Running: python3 check_strategy.py [volume_weighted BTC/USDT 1h]
[2026-02-11 08:12:58] [volweight-btc] [INFO] stderr: Fetching BTC/USDT 1h...

[2026-02-11 08:12:58] [volweight-btc] [INFO] Signal: HOLD | BTC/USDT @ $66976.49
[2026-02-11 08:12:58] [volweight-btc] [INFO] Status: cash=$1000.00 | positions=0 | value=$1000.00 | trades=0
[2026-02-11 08:18:22] [volweight-btc] [INFO] Running: python3 check_strategy.py [volume_weighted BTC/USDT 1h]
[2026-02-11 08:18:23] [volweight-btc] [INFO] stderr: Fetching BTC/USDT 1h...

[2026-02-11 08:18:23] [volweight-btc] [INFO] Signal: HOLD | BTC/USDT @ $66917.82
[2026-02-11 08:18:23] [volweight-btc] [INFO] Status: cash=$1000.00 | positions=0 | value=$1000.00 | trades=0
[2026-02-11 08:23:44] [volweight-btc] [INFO] Running: python3 check_strategy.py [volume_weighted BTC/USDT 1h]
[2026-02-11 08:23:46] [volweight-btc] [INFO] stderr: Fetching BTC/USDT 1h...

[2026-02-11 08:23:46] [volweight-btc] [INFO] Signal: HOLD | BTC/USDT @ $67079.00
[2026-02-11 08:23:46] [volweight-btc] [INFO] Status: cash=$1000.00 | positions=0 | value=$1000.00 | trades=0
[2026-02-11 08:32:35] [volweight-btc] [INFO] Running: python3 scripts/check_strategy.py [volume_weighted BTC/USDT 1h]
[2026-02-11 08:32:37] [volweight-btc] [INFO] stderr: Fetching BTC/USDT 1h...

[2026-02-11 08:32:37] [volweight-btc] [INFO] Signal: HOLD | BTC/USDT @ $67079.00
[2026-02-11 08:32:37] [volweight-btc] [INFO] Status: cash=$1000.00 | positions=0 | value=$1000.00 | trades=0
[2026-02-11 08:43:02] [volweight-btc] [INFO] Running: python3 scripts/check_strategy.py [volume_weighted BTC/USDT 1h]
[2026-02-11 08:43:03] [volweight-btc] [INFO] stderr: Fetching BTC/USDT 1h...

[2026-02-11 08:43:03] [volweight-btc] [INFO] Signal: HOLD | BTC/USDT @ $66995.40
[2026-02-11 08:43:03] [volweight-btc] [INFO] Status: cash=$1000.00 | positions=0 | value=$1000.00 | trades=0
[2026-02-11 08:50:46] [volweight-btc] [INFO] Running: python3 scripts/check_strategy.py [volume_weighted BTC/USDT 1h]
[2026-02-11 08:50:48] [volweight-btc] [INFO] stderr: Fetching BTC/USDT 1h...

[2026-02-11 08:50:48] [volweight-btc] [INFO] Signal: HOLD | BTC/USDT @ $67026.29
[2026-02-11 08:50:48] [volweight-btc] [INFO] Status: cash=$1000.00 | positions=0 | value=$1000.00 | trades=0
[2026-02-11 09:01:16] [volweight-btc] [INFO] Running: python3 scripts/check_strategy.py [volume_weighted BTC/USDT 1h]
[2026-02-11 09:01:18] [volweight-btc] [INFO] stderr: Fetching BTC/USDT 1h...

[2026-02-11 09:01:18] [volweight-btc] [INFO] Signal: HOLD | BTC/USDT @ $67012.69
[2026-02-11 09:01:18] [volweight-btc] [INFO] Status: cash=$1000.00 | positions=0 | value=$1000.00 | trades=0
[2026-02-11 09:03:07] [volweight-btc] [INFO] Running: python3 scripts/check_strategy.py [volume_weighted BTC/USDT 1h]
[2026-02-11 09:03:08] [volweight-btc] [INFO] stderr: Fetching BTC/USDT 1h...

[2026-02-11 09:03:08] [volweight-btc] [INFO] Signal: HOLD | BTC/USDT @ $67040.22
[2026-02-11 09:03:08] [volweight-btc] [INFO] Status: cash=$1000.00 | positions=0 | value=$1000.00 | trades=0
[2026-02-11 09:08:39] [volweight-btc] [INFO] Running: python3 scripts/check_strategy.py [volume_weighted BTC/USDT 1h]
[2026-02-11 09:08:40] [volweight-btc] [INFO] stderr: Fetching BTC/USDT 1h...

[2026-02-11 09:08:40] [volweight-btc] [INFO] Signal: HOLD | BTC/USDT @ $66916.79
[2026-02-11 09:08:40] [volweight-btc] [INFO] Status: cash=$1000.00 | positions=0 | value=$1000.00 | trades=0
